CRITICAL - 2023-11-15 03:19:50 --> Call to undefined method App\Controllers\MarketController::respond()
in APPPATH\Controllers\MarketController.php on line 25.
 1 SYSTEMPATH\CodeIgniter.php(942): App\Controllers\MarketController->getData()
 2 SYSTEMPATH\CodeIgniter.php(502): CodeIgniter\CodeIgniter->runController(Object(App\Controllers\MarketController))
 3 SYSTEMPATH\CodeIgniter.php(361): CodeIgniter\CodeIgniter->handleRequest(null, Object(Config\Cache), false)
 4 FCPATH\index.php(87): CodeIgniter\CodeIgniter->run()
CRITICAL - 2023-11-15 03:20:52 --> Call to undefined method App\Controllers\MarketController::respond()
in APPPATH\Controllers\MarketController.php on line 25.
 1 SYSTEMPATH\CodeIgniter.php(942): App\Controllers\MarketController->getData()
 2 SYSTEMPATH\CodeIgniter.php(502): CodeIgniter\CodeIgniter->runController(Object(App\Controllers\MarketController))
 3 SYSTEMPATH\CodeIgniter.php(361): CodeIgniter\CodeIgniter->handleRequest(null, Object(Config\Cache), false)
 4 FCPATH\index.php(87): CodeIgniter\CodeIgniter->run()
CRITICAL - 2023-11-15 03:20:53 --> Call to undefined method App\Controllers\MarketController::respond()
in APPPATH\Controllers\MarketController.php on line 25.
 1 SYSTEMPATH\CodeIgniter.php(942): App\Controllers\MarketController->getData()
 2 SYSTEMPATH\CodeIgniter.php(502): CodeIgniter\CodeIgniter->runController(Object(App\Controllers\MarketController))
 3 SYSTEMPATH\CodeIgniter.php(361): CodeIgniter\CodeIgniter->handleRequest(null, Object(Config\Cache), false)
 4 FCPATH\index.php(87): CodeIgniter\CodeIgniter->run()
CRITICAL - 2023-11-15 03:20:53 --> Call to undefined method App\Controllers\MarketController::respond()
in APPPATH\Controllers\MarketController.php on line 25.
 1 SYSTEMPATH\CodeIgniter.php(942): App\Controllers\MarketController->getData()
 2 SYSTEMPATH\CodeIgniter.php(502): CodeIgniter\CodeIgniter->runController(Object(App\Controllers\MarketController))
 3 SYSTEMPATH\CodeIgniter.php(361): CodeIgniter\CodeIgniter->handleRequest(null, Object(Config\Cache), false)
 4 FCPATH\index.php(87): CodeIgniter\CodeIgniter->run()
CRITICAL - 2023-11-15 03:20:53 --> Call to undefined method App\Controllers\MarketController::respond()
in APPPATH\Controllers\MarketController.php on line 25.
 1 SYSTEMPATH\CodeIgniter.php(942): App\Controllers\MarketController->getData()
 2 SYSTEMPATH\CodeIgniter.php(502): CodeIgniter\CodeIgniter->runController(Object(App\Controllers\MarketController))
 3 SYSTEMPATH\CodeIgniter.php(361): CodeIgniter\CodeIgniter->handleRequest(null, Object(Config\Cache), false)
 4 FCPATH\index.php(87): CodeIgniter\CodeIgniter->run()
CRITICAL - 2023-11-15 03:20:54 --> Call to undefined method App\Controllers\MarketController::respond()
in APPPATH\Controllers\MarketController.php on line 25.
 1 SYSTEMPATH\CodeIgniter.php(942): App\Controllers\MarketController->getData()
 2 SYSTEMPATH\CodeIgniter.php(502): CodeIgniter\CodeIgniter->runController(Object(App\Controllers\MarketController))
 3 SYSTEMPATH\CodeIgniter.php(361): CodeIgniter\CodeIgniter->handleRequest(null, Object(Config\Cache), false)
 4 FCPATH\index.php(87): CodeIgniter\CodeIgniter->run()
CRITICAL - 2023-11-15 03:20:54 --> Call to undefined method App\Controllers\MarketController::respond()
in APPPATH\Controllers\MarketController.php on line 25.
 1 SYSTEMPATH\CodeIgniter.php(942): App\Controllers\MarketController->getData()
 2 SYSTEMPATH\CodeIgniter.php(502): CodeIgniter\CodeIgniter->runController(Object(App\Controllers\MarketController))
 3 SYSTEMPATH\CodeIgniter.php(361): CodeIgniter\CodeIgniter->handleRequest(null, Object(Config\Cache), false)
 4 FCPATH\index.php(87): CodeIgniter\CodeIgniter->run()
CRITICAL - 2023-11-15 03:20:54 --> Call to undefined method App\Controllers\MarketController::respond()
in APPPATH\Controllers\MarketController.php on line 25.
 1 SYSTEMPATH\CodeIgniter.php(942): App\Controllers\MarketController->getData()
 2 SYSTEMPATH\CodeIgniter.php(502): CodeIgniter\CodeIgniter->runController(Object(App\Controllers\MarketController))
 3 SYSTEMPATH\CodeIgniter.php(361): CodeIgniter\CodeIgniter->handleRequest(null, Object(Config\Cache), false)
 4 FCPATH\index.php(87): CodeIgniter\CodeIgniter->run()
CRITICAL - 2023-11-15 03:20:55 --> Call to undefined method App\Controllers\MarketController::respond()
in APPPATH\Controllers\MarketController.php on line 25.
 1 SYSTEMPATH\CodeIgniter.php(942): App\Controllers\MarketController->getData()
 2 SYSTEMPATH\CodeIgniter.php(502): CodeIgniter\CodeIgniter->runController(Object(App\Controllers\MarketController))
 3 SYSTEMPATH\CodeIgniter.php(361): CodeIgniter\CodeIgniter->handleRequest(null, Object(Config\Cache), false)
 4 FCPATH\index.php(87): CodeIgniter\CodeIgniter->run()
CRITICAL - 2023-11-15 03:20:55 --> Call to undefined method App\Controllers\MarketController::respond()
in APPPATH\Controllers\MarketController.php on line 25.
 1 SYSTEMPATH\CodeIgniter.php(942): App\Controllers\MarketController->getData()
 2 SYSTEMPATH\CodeIgniter.php(502): CodeIgniter\CodeIgniter->runController(Object(App\Controllers\MarketController))
 3 SYSTEMPATH\CodeIgniter.php(361): CodeIgniter\CodeIgniter->handleRequest(null, Object(Config\Cache), false)
 4 FCPATH\index.php(87): CodeIgniter\CodeIgniter->run()
CRITICAL - 2023-11-15 03:20:55 --> Call to undefined method App\Controllers\MarketController::respond()
in APPPATH\Controllers\MarketController.php on line 25.
 1 SYSTEMPATH\CodeIgniter.php(942): App\Controllers\MarketController->getData()
 2 SYSTEMPATH\CodeIgniter.php(502): CodeIgniter\CodeIgniter->runController(Object(App\Controllers\MarketController))
 3 SYSTEMPATH\CodeIgniter.php(361): CodeIgniter\CodeIgniter->handleRequest(null, Object(Config\Cache), false)
 4 FCPATH\index.php(87): CodeIgniter\CodeIgniter->run()
CRITICAL - 2023-11-15 03:20:56 --> Call to undefined method App\Controllers\MarketController::respond()
in APPPATH\Controllers\MarketController.php on line 25.
 1 SYSTEMPATH\CodeIgniter.php(942): App\Controllers\MarketController->getData()
 2 SYSTEMPATH\CodeIgniter.php(502): CodeIgniter\CodeIgniter->runController(Object(App\Controllers\MarketController))
 3 SYSTEMPATH\CodeIgniter.php(361): CodeIgniter\CodeIgniter->handleRequest(null, Object(Config\Cache), false)
 4 FCPATH\index.php(87): CodeIgniter\CodeIgniter->run()
CRITICAL - 2023-11-15 03:20:56 --> Call to undefined method App\Controllers\MarketController::respond()
in APPPATH\Controllers\MarketController.php on line 25.
 1 SYSTEMPATH\CodeIgniter.php(942): App\Controllers\MarketController->getData()
 2 SYSTEMPATH\CodeIgniter.php(502): CodeIgniter\CodeIgniter->runController(Object(App\Controllers\MarketController))
 3 SYSTEMPATH\CodeIgniter.php(361): CodeIgniter\CodeIgniter->handleRequest(null, Object(Config\Cache), false)
 4 FCPATH\index.php(87): CodeIgniter\CodeIgniter->run()
CRITICAL - 2023-11-15 03:20:56 --> Call to undefined method App\Controllers\MarketController::respond()
in APPPATH\Controllers\MarketController.php on line 25.
 1 SYSTEMPATH\CodeIgniter.php(942): App\Controllers\MarketController->getData()
 2 SYSTEMPATH\CodeIgniter.php(502): CodeIgniter\CodeIgniter->runController(Object(App\Controllers\MarketController))
 3 SYSTEMPATH\CodeIgniter.php(361): CodeIgniter\CodeIgniter->handleRequest(null, Object(Config\Cache), false)
 4 FCPATH\index.php(87): CodeIgniter\CodeIgniter->run()
CRITICAL - 2023-11-15 03:22:09 --> Call to undefined method App\Controllers\MarketController::respond()
in APPPATH\Controllers\MarketController.php on line 25.
 1 SYSTEMPATH\CodeIgniter.php(942): App\Controllers\MarketController->getData()
 2 SYSTEMPATH\CodeIgniter.php(502): CodeIgniter\CodeIgniter->runController(Object(App\Controllers\MarketController))
 3 SYSTEMPATH\CodeIgniter.php(361): CodeIgniter\CodeIgniter->handleRequest(null, Object(Config\Cache), false)
 4 FCPATH\index.php(87): CodeIgniter\CodeIgniter->run()
CRITICAL - 2023-11-15 03:23:10 --> Call to undefined method App\Controllers\MarketController::response()
in APPPATH\Controllers\MarketController.php on line 25.
 1 SYSTEMPATH\CodeIgniter.php(942): App\Controllers\MarketController->getData()
 2 SYSTEMPATH\CodeIgniter.php(502): CodeIgniter\CodeIgniter->runController(Object(App\Controllers\MarketController))
 3 SYSTEMPATH\CodeIgniter.php(361): CodeIgniter\CodeIgniter->handleRequest(null, Object(Config\Cache), false)
 4 FCPATH\index.php(87): CodeIgniter\CodeIgniter->run()
CRITICAL - 2023-11-15 03:25:16 --> Call to undefined method App\Controllers\MarketController::respond()
in APPPATH\Controllers\MarketController.php on line 25.
 1 SYSTEMPATH\CodeIgniter.php(942): App\Controllers\MarketController->getData()
 2 SYSTEMPATH\CodeIgniter.php(502): CodeIgniter\CodeIgniter->runController(Object(App\Controllers\MarketController))
 3 SYSTEMPATH\CodeIgniter.php(361): CodeIgniter\CodeIgniter->handleRequest(null, Object(Config\Cache), false)
 4 FCPATH\index.php(87): CodeIgniter\CodeIgniter->run()
CRITICAL - 2023-11-15 06:26:09 --> Call to undefined method App\Controllers\MarketController::respond()
in APPPATH\Controllers\MarketController.php on line 25.
 1 SYSTEMPATH\CodeIgniter.php(942): App\Controllers\MarketController->getData()
 2 SYSTEMPATH\CodeIgniter.php(502): CodeIgniter\CodeIgniter->runController(Object(App\Controllers\MarketController))
 3 SYSTEMPATH\CodeIgniter.php(361): CodeIgniter\CodeIgniter->handleRequest(null, Object(Config\Cache), false)
 4 FCPATH\index.php(87): CodeIgniter\CodeIgniter->run()
CRITICAL - 2023-11-15 06:32:18 --> Call to undefined method App\Controllers\MarketController::respond()
in APPPATH\Controllers\MarketController.php on line 25.
 1 SYSTEMPATH\CodeIgniter.php(942): App\Controllers\MarketController->getData()
 2 SYSTEMPATH\CodeIgniter.php(502): CodeIgniter\CodeIgniter->runController(Object(App\Controllers\MarketController))
 3 SYSTEMPATH\CodeIgniter.php(361): CodeIgniter\CodeIgniter->handleRequest(null, Object(Config\Cache), false)
 4 FCPATH\index.php(87): CodeIgniter\CodeIgniter->run()
CRITICAL - 2023-11-15 06:33:47 --> Call to undefined method App\Controllers\MarketController::respond()
in APPPATH\Controllers\MarketController.php on line 25.
 1 SYSTEMPATH\CodeIgniter.php(942): App\Controllers\MarketController->getData()
 2 SYSTEMPATH\CodeIgniter.php(502): CodeIgniter\CodeIgniter->runController(Object(App\Controllers\MarketController))
 3 SYSTEMPATH\CodeIgniter.php(361): CodeIgniter\CodeIgniter->handleRequest(null, Object(Config\Cache), false)
 4 FCPATH\index.php(87): CodeIgniter\CodeIgniter->run()
CRITICAL - 2023-11-15 06:33:48 --> Call to undefined method App\Controllers\MarketController::respond()
in APPPATH\Controllers\MarketController.php on line 25.
 1 SYSTEMPATH\CodeIgniter.php(942): App\Controllers\MarketController->getData()
 2 SYSTEMPATH\CodeIgniter.php(502): CodeIgniter\CodeIgniter->runController(Object(App\Controllers\MarketController))
 3 SYSTEMPATH\CodeIgniter.php(361): CodeIgniter\CodeIgniter->handleRequest(null, Object(Config\Cache), false)
 4 FCPATH\index.php(87): CodeIgniter\CodeIgniter->run()
CRITICAL - 2023-11-15 06:33:48 --> Call to undefined method App\Controllers\MarketController::respond()
in APPPATH\Controllers\MarketController.php on line 25.
 1 SYSTEMPATH\CodeIgniter.php(942): App\Controllers\MarketController->getData()
 2 SYSTEMPATH\CodeIgniter.php(502): CodeIgniter\CodeIgniter->runController(Object(App\Controllers\MarketController))
 3 SYSTEMPATH\CodeIgniter.php(361): CodeIgniter\CodeIgniter->handleRequest(null, Object(Config\Cache), false)
 4 FCPATH\index.php(87): CodeIgniter\CodeIgniter->run()
CRITICAL - 2023-11-15 06:37:56 --> CodeIgniter\RESTful\ResourceController::respond(): Argument #2 ($status) must be of type ?int, App\Models\ProductModel given, called in C:\laragon\www\Appdev\app\Controllers\MarketController.php on line 25
in SYSTEMPATH\API\ResponseTrait.php on line 87.
 1 APPPATH\Controllers\MarketController.php(25): CodeIgniter\RESTful\ResourceController->respond(Object(App\Models\StoreModel), Object(App\Models\ProductModel))
 2 SYSTEMPATH\CodeIgniter.php(942): App\Controllers\MarketController->getData()
 3 SYSTEMPATH\CodeIgniter.php(502): CodeIgniter\CodeIgniter->runController(Object(App\Controllers\MarketController))
 4 SYSTEMPATH\CodeIgniter.php(361): CodeIgniter\CodeIgniter->handleRequest(null, Object(Config\Cache), false)
 5 FCPATH\index.php(87): CodeIgniter\CodeIgniter->run()
CRITICAL - 2023-11-15 06:38:28 --> CodeIgniter\RESTful\ResourceController::respond(): Argument #2 ($status) must be of type ?int, App\Models\ProductModel given, called in C:\laragon\www\Appdev\app\Controllers\MarketController.php on line 25
in SYSTEMPATH\API\ResponseTrait.php on line 87.
 1 APPPATH\Controllers\MarketController.php(25): CodeIgniter\RESTful\ResourceController->respond(Object(App\Models\StoreModel), Object(App\Models\ProductModel), 200)
 2 SYSTEMPATH\CodeIgniter.php(942): App\Controllers\MarketController->getData()
 3 SYSTEMPATH\CodeIgniter.php(502): CodeIgniter\CodeIgniter->runController(Object(App\Controllers\MarketController))
 4 SYSTEMPATH\CodeIgniter.php(361): CodeIgniter\CodeIgniter->handleRequest(null, Object(Config\Cache), false)
 5 FCPATH\index.php(87): CodeIgniter\CodeIgniter->run()
CRITICAL - 2023-11-15 06:38:45 --> CodeIgniter\RESTful\ResourceController::respond(): Argument #2 ($status) must be of type ?int, App\Models\ProductModel given, called in C:\laragon\www\Appdev\app\Controllers\MarketController.php on line 25
in SYSTEMPATH\API\ResponseTrait.php on line 87.
 1 APPPATH\Controllers\MarketController.php(25): CodeIgniter\RESTful\ResourceController->respond(Object(App\Models\StoreModel), Object(App\Models\ProductModel), 200)
 2 SYSTEMPATH\CodeIgniter.php(942): App\Controllers\MarketController->getData()
 3 SYSTEMPATH\CodeIgniter.php(502): CodeIgniter\CodeIgniter->runController(Object(App\Controllers\MarketController))
 4 SYSTEMPATH\CodeIgniter.php(361): CodeIgniter\CodeIgniter->handleRequest(null, Object(Config\Cache), false)
 5 FCPATH\index.php(87): CodeIgniter\CodeIgniter->run()
CRITICAL - 2023-11-15 06:38:46 --> CodeIgniter\RESTful\ResourceController::respond(): Argument #2 ($status) must be of type ?int, App\Models\ProductModel given, called in C:\laragon\www\Appdev\app\Controllers\MarketController.php on line 25
in SYSTEMPATH\API\ResponseTrait.php on line 87.
 1 APPPATH\Controllers\MarketController.php(25): CodeIgniter\RESTful\ResourceController->respond(Object(App\Models\StoreModel), Object(App\Models\ProductModel), 200)
 2 SYSTEMPATH\CodeIgniter.php(942): App\Controllers\MarketController->getData()
 3 SYSTEMPATH\CodeIgniter.php(502): CodeIgniter\CodeIgniter->runController(Object(App\Controllers\MarketController))
 4 SYSTEMPATH\CodeIgniter.php(361): CodeIgniter\CodeIgniter->handleRequest(null, Object(Config\Cache), false)
 5 FCPATH\index.php(87): CodeIgniter\CodeIgniter->run()
CRITICAL - 2023-11-15 06:38:46 --> CodeIgniter\RESTful\ResourceController::respond(): Argument #2 ($status) must be of type ?int, App\Models\ProductModel given, called in C:\laragon\www\Appdev\app\Controllers\MarketController.php on line 25
in SYSTEMPATH\API\ResponseTrait.php on line 87.
 1 APPPATH\Controllers\MarketController.php(25): CodeIgniter\RESTful\ResourceController->respond(Object(App\Models\StoreModel), Object(App\Models\ProductModel), 200)
 2 SYSTEMPATH\CodeIgniter.php(942): App\Controllers\MarketController->getData()
 3 SYSTEMPATH\CodeIgniter.php(502): CodeIgniter\CodeIgniter->runController(Object(App\Controllers\MarketController))
 4 SYSTEMPATH\CodeIgniter.php(361): CodeIgniter\CodeIgniter->handleRequest(null, Object(Config\Cache), false)
 5 FCPATH\index.php(87): CodeIgniter\CodeIgniter->run()
CRITICAL - 2023-11-15 06:38:46 --> CodeIgniter\RESTful\ResourceController::respond(): Argument #2 ($status) must be of type ?int, App\Models\ProductModel given, called in C:\laragon\www\Appdev\app\Controllers\MarketController.php on line 25
in SYSTEMPATH\API\ResponseTrait.php on line 87.
 1 APPPATH\Controllers\MarketController.php(25): CodeIgniter\RESTful\ResourceController->respond(Object(App\Models\StoreModel), Object(App\Models\ProductModel), 200)
 2 SYSTEMPATH\CodeIgniter.php(942): App\Controllers\MarketController->getData()
 3 SYSTEMPATH\CodeIgniter.php(502): CodeIgniter\CodeIgniter->runController(Object(App\Controllers\MarketController))
 4 SYSTEMPATH\CodeIgniter.php(361): CodeIgniter\CodeIgniter->handleRequest(null, Object(Config\Cache), false)
 5 FCPATH\index.php(87): CodeIgniter\CodeIgniter->run()
CRITICAL - 2023-11-15 06:38:47 --> CodeIgniter\RESTful\ResourceController::respond(): Argument #2 ($status) must be of type ?int, App\Models\ProductModel given, called in C:\laragon\www\Appdev\app\Controllers\MarketController.php on line 25
in SYSTEMPATH\API\ResponseTrait.php on line 87.
 1 APPPATH\Controllers\MarketController.php(25): CodeIgniter\RESTful\ResourceController->respond(Object(App\Models\StoreModel), Object(App\Models\ProductModel), 200)
 2 SYSTEMPATH\CodeIgniter.php(942): App\Controllers\MarketController->getData()
 3 SYSTEMPATH\CodeIgniter.php(502): CodeIgniter\CodeIgniter->runController(Object(App\Controllers\MarketController))
 4 SYSTEMPATH\CodeIgniter.php(361): CodeIgniter\CodeIgniter->handleRequest(null, Object(Config\Cache), false)
 5 FCPATH\index.php(87): CodeIgniter\CodeIgniter->run()
CRITICAL - 2023-11-15 06:38:47 --> CodeIgniter\RESTful\ResourceController::respond(): Argument #2 ($status) must be of type ?int, App\Models\ProductModel given, called in C:\laragon\www\Appdev\app\Controllers\MarketController.php on line 25
in SYSTEMPATH\API\ResponseTrait.php on line 87.
 1 APPPATH\Controllers\MarketController.php(25): CodeIgniter\RESTful\ResourceController->respond(Object(App\Models\StoreModel), Object(App\Models\ProductModel), 200)
 2 SYSTEMPATH\CodeIgniter.php(942): App\Controllers\MarketController->getData()
 3 SYSTEMPATH\CodeIgniter.php(502): CodeIgniter\CodeIgniter->runController(Object(App\Controllers\MarketController))
 4 SYSTEMPATH\CodeIgniter.php(361): CodeIgniter\CodeIgniter->handleRequest(null, Object(Config\Cache), false)
 5 FCPATH\index.php(87): CodeIgniter\CodeIgniter->run()
CRITICAL - 2023-11-15 06:38:47 --> CodeIgniter\RESTful\ResourceController::respond(): Argument #2 ($status) must be of type ?int, App\Models\ProductModel given, called in C:\laragon\www\Appdev\app\Controllers\MarketController.php on line 25
in SYSTEMPATH\API\ResponseTrait.php on line 87.
 1 APPPATH\Controllers\MarketController.php(25): CodeIgniter\RESTful\ResourceController->respond(Object(App\Models\StoreModel), Object(App\Models\ProductModel), 200)
 2 SYSTEMPATH\CodeIgniter.php(942): App\Controllers\MarketController->getData()
 3 SYSTEMPATH\CodeIgniter.php(502): CodeIgniter\CodeIgniter->runController(Object(App\Controllers\MarketController))
 4 SYSTEMPATH\CodeIgniter.php(361): CodeIgniter\CodeIgniter->handleRequest(null, Object(Config\Cache), false)
 5 FCPATH\index.php(87): CodeIgniter\CodeIgniter->run()
CRITICAL - 2023-11-15 06:38:57 --> Undefined variable $productModel
in APPPATH\Controllers\MarketController.php on line 25.
 1 APPPATH\Controllers\MarketController.php(25): CodeIgniter\Debug\Exceptions->errorHandler(2, 'Undefined variable $productModel', 'C:\\laragon\\www\\Appdev\\app\\Controllers\\MarketController.php', 25)
 2 SYSTEMPATH\CodeIgniter.php(942): App\Controllers\MarketController->getData()
 3 SYSTEMPATH\CodeIgniter.php(502): CodeIgniter\CodeIgniter->runController(Object(App\Controllers\MarketController))
 4 SYSTEMPATH\CodeIgniter.php(361): CodeIgniter\CodeIgniter->handleRequest(null, Object(Config\Cache), false)
 5 FCPATH\index.php(87): CodeIgniter\CodeIgniter->run()
CRITICAL - 2023-11-15 06:39:12 --> CodeIgniter\RESTful\ResourceController::respond(): Argument #2 ($status) must be of type ?int, App\Models\ProductModel given, called in C:\laragon\www\Appdev\app\Controllers\MarketController.php on line 25
in SYSTEMPATH\API\ResponseTrait.php on line 87.
 1 APPPATH\Controllers\MarketController.php(25): CodeIgniter\RESTful\ResourceController->respond(Object(App\Models\StoreModel), Object(App\Models\ProductModel), 200)
 2 SYSTEMPATH\CodeIgniter.php(942): App\Controllers\MarketController->getData()
 3 SYSTEMPATH\CodeIgniter.php(502): CodeIgniter\CodeIgniter->runController(Object(App\Controllers\MarketController))
 4 SYSTEMPATH\CodeIgniter.php(361): CodeIgniter\CodeIgniter->handleRequest(null, Object(Config\Cache), false)
 5 FCPATH\index.php(87): CodeIgniter\CodeIgniter->run()
CRITICAL - 2023-11-15 06:40:13 --> CodeIgniter\RESTful\ResourceController::respond(): Argument #2 ($status) must be of type ?int, App\Models\ProductModel given, called in C:\laragon\www\Appdev\app\Controllers\MarketController.php on line 25
in SYSTEMPATH\API\ResponseTrait.php on line 87.
 1 APPPATH\Controllers\MarketController.php(25): CodeIgniter\RESTful\ResourceController->respond(Object(App\Models\StoreModel), Object(App\Models\ProductModel), 200)
 2 SYSTEMPATH\CodeIgniter.php(942): App\Controllers\MarketController->getData()
 3 SYSTEMPATH\CodeIgniter.php(502): CodeIgniter\CodeIgniter->runController(Object(App\Controllers\MarketController))
 4 SYSTEMPATH\CodeIgniter.php(361): CodeIgniter\CodeIgniter->handleRequest(null, Object(Config\Cache), false)
 5 FCPATH\index.php(87): CodeIgniter\CodeIgniter->run()
CRITICAL - 2023-11-15 06:40:14 --> CodeIgniter\RESTful\ResourceController::respond(): Argument #2 ($status) must be of type ?int, App\Models\ProductModel given, called in C:\laragon\www\Appdev\app\Controllers\MarketController.php on line 25
in SYSTEMPATH\API\ResponseTrait.php on line 87.
 1 APPPATH\Controllers\MarketController.php(25): CodeIgniter\RESTful\ResourceController->respond(Object(App\Models\StoreModel), Object(App\Models\ProductModel), 200)
 2 SYSTEMPATH\CodeIgniter.php(942): App\Controllers\MarketController->getData()
 3 SYSTEMPATH\CodeIgniter.php(502): CodeIgniter\CodeIgniter->runController(Object(App\Controllers\MarketController))
 4 SYSTEMPATH\CodeIgniter.php(361): CodeIgniter\CodeIgniter->handleRequest(null, Object(Config\Cache), false)
 5 FCPATH\index.php(87): CodeIgniter\CodeIgniter->run()
CRITICAL - 2023-11-15 06:40:14 --> CodeIgniter\RESTful\ResourceController::respond(): Argument #2 ($status) must be of type ?int, App\Models\ProductModel given, called in C:\laragon\www\Appdev\app\Controllers\MarketController.php on line 25
in SYSTEMPATH\API\ResponseTrait.php on line 87.
 1 APPPATH\Controllers\MarketController.php(25): CodeIgniter\RESTful\ResourceController->respond(Object(App\Models\StoreModel), Object(App\Models\ProductModel), 200)
 2 SYSTEMPATH\CodeIgniter.php(942): App\Controllers\MarketController->getData()
 3 SYSTEMPATH\CodeIgniter.php(502): CodeIgniter\CodeIgniter->runController(Object(App\Controllers\MarketController))
 4 SYSTEMPATH\CodeIgniter.php(361): CodeIgniter\CodeIgniter->handleRequest(null, Object(Config\Cache), false)
 5 FCPATH\index.php(87): CodeIgniter\CodeIgniter->run()
CRITICAL - 2023-11-15 06:40:14 --> CodeIgniter\RESTful\ResourceController::respond(): Argument #2 ($status) must be of type ?int, App\Models\ProductModel given, called in C:\laragon\www\Appdev\app\Controllers\MarketController.php on line 25
in SYSTEMPATH\API\ResponseTrait.php on line 87.
 1 APPPATH\Controllers\MarketController.php(25): CodeIgniter\RESTful\ResourceController->respond(Object(App\Models\StoreModel), Object(App\Models\ProductModel), 200)
 2 SYSTEMPATH\CodeIgniter.php(942): App\Controllers\MarketController->getData()
 3 SYSTEMPATH\CodeIgniter.php(502): CodeIgniter\CodeIgniter->runController(Object(App\Controllers\MarketController))
 4 SYSTEMPATH\CodeIgniter.php(361): CodeIgniter\CodeIgniter->handleRequest(null, Object(Config\Cache), false)
 5 FCPATH\index.php(87): CodeIgniter\CodeIgniter->run()
CRITICAL - 2023-11-15 06:40:14 --> CodeIgniter\RESTful\ResourceController::respond(): Argument #2 ($status) must be of type ?int, App\Models\ProductModel given, called in C:\laragon\www\Appdev\app\Controllers\MarketController.php on line 25
in SYSTEMPATH\API\ResponseTrait.php on line 87.
 1 APPPATH\Controllers\MarketController.php(25): CodeIgniter\RESTful\ResourceController->respond(Object(App\Models\StoreModel), Object(App\Models\ProductModel), 200)
 2 SYSTEMPATH\CodeIgniter.php(942): App\Controllers\MarketController->getData()
 3 SYSTEMPATH\CodeIgniter.php(502): CodeIgniter\CodeIgniter->runController(Object(App\Controllers\MarketController))
 4 SYSTEMPATH\CodeIgniter.php(361): CodeIgniter\CodeIgniter->handleRequest(null, Object(Config\Cache), false)
 5 FCPATH\index.php(87): CodeIgniter\CodeIgniter->run()
CRITICAL - 2023-11-15 06:40:15 --> CodeIgniter\RESTful\ResourceController::respond(): Argument #2 ($status) must be of type ?int, App\Models\ProductModel given, called in C:\laragon\www\Appdev\app\Controllers\MarketController.php on line 25
in SYSTEMPATH\API\ResponseTrait.php on line 87.
 1 APPPATH\Controllers\MarketController.php(25): CodeIgniter\RESTful\ResourceController->respond(Object(App\Models\StoreModel), Object(App\Models\ProductModel), 200)
 2 SYSTEMPATH\CodeIgniter.php(942): App\Controllers\MarketController->getData()
 3 SYSTEMPATH\CodeIgniter.php(502): CodeIgniter\CodeIgniter->runController(Object(App\Controllers\MarketController))
 4 SYSTEMPATH\CodeIgniter.php(361): CodeIgniter\CodeIgniter->handleRequest(null, Object(Config\Cache), false)
 5 FCPATH\index.php(87): CodeIgniter\CodeIgniter->run()
CRITICAL - 2023-11-15 08:04:21 --> Undefined variable $userId
in APPPATH\Controllers\ProfileController.php on line 18.
 1 APPPATH\Controllers\ProfileController.php(18): CodeIgniter\Debug\Exceptions->errorHandler(2, 'Undefined variable $userId', 'C:\\laragon\\www\\Appdev\\app\\Controllers\\ProfileController.php', 18)
 2 SYSTEMPATH\CodeIgniter.php(942): App\Controllers\ProfileController->profData()
 3 SYSTEMPATH\CodeIgniter.php(502): CodeIgniter\CodeIgniter->runController(Object(App\Controllers\ProfileController))
 4 SYSTEMPATH\CodeIgniter.php(361): CodeIgniter\CodeIgniter->handleRequest(null, Object(Config\Cache), false)
 5 FCPATH\index.php(87): CodeIgniter\CodeIgniter->run()
CRITICAL - 2023-11-15 08:04:58 --> Undefined array key "username"
in APPPATH\Controllers\ProfileController.php on line 23.
 1 APPPATH\Controllers\ProfileController.php(23): CodeIgniter\Debug\Exceptions->errorHandler(2, 'Undefined array key "username"', 'C:\\laragon\\www\\Appdev\\app\\Controllers\\ProfileController.php', 23)
 2 SYSTEMPATH\CodeIgniter.php(942): App\Controllers\ProfileController->profData()
 3 SYSTEMPATH\CodeIgniter.php(502): CodeIgniter\CodeIgniter->runController(Object(App\Controllers\ProfileController))
 4 SYSTEMPATH\CodeIgniter.php(361): CodeIgniter\CodeIgniter->handleRequest(null, Object(Config\Cache), false)
 5 FCPATH\index.php(87): CodeIgniter\CodeIgniter->run()
CRITICAL - 2023-11-15 08:05:08 --> Undefined variable $userId
in APPPATH\Controllers\ProfileController.php on line 18.
 1 APPPATH\Controllers\ProfileController.php(18): CodeIgniter\Debug\Exceptions->errorHandler(2, 'Undefined variable $userId', 'C:\\laragon\\www\\Appdev\\app\\Controllers\\ProfileController.php', 18)
 2 SYSTEMPATH\CodeIgniter.php(942): App\Controllers\ProfileController->profData()
 3 SYSTEMPATH\CodeIgniter.php(502): CodeIgniter\CodeIgniter->runController(Object(App\Controllers\ProfileController))
 4 SYSTEMPATH\CodeIgniter.php(361): CodeIgniter\CodeIgniter->handleRequest(null, Object(Config\Cache), false)
 5 FCPATH\index.php(87): CodeIgniter\CodeIgniter->run()
CRITICAL - 2023-11-15 08:05:09 --> Undefined variable $userId
in APPPATH\Controllers\ProfileController.php on line 18.
 1 APPPATH\Controllers\ProfileController.php(18): CodeIgniter\Debug\Exceptions->errorHandler(2, 'Undefined variable $userId', 'C:\\laragon\\www\\Appdev\\app\\Controllers\\ProfileController.php', 18)
 2 SYSTEMPATH\CodeIgniter.php(942): App\Controllers\ProfileController->profData()
 3 SYSTEMPATH\CodeIgniter.php(502): CodeIgniter\CodeIgniter->runController(Object(App\Controllers\ProfileController))
 4 SYSTEMPATH\CodeIgniter.php(361): CodeIgniter\CodeIgniter->handleRequest(null, Object(Config\Cache), false)
 5 FCPATH\index.php(87): CodeIgniter\CodeIgniter->run()
CRITICAL - 2023-11-15 08:07:26 --> Undefined variable $userId
in APPPATH\Controllers\ProfileController.php on line 18.
 1 APPPATH\Controllers\ProfileController.php(18): CodeIgniter\Debug\Exceptions->errorHandler(2, 'Undefined variable $userId', 'C:\\laragon\\www\\Appdev\\app\\Controllers\\ProfileController.php', 18)
 2 SYSTEMPATH\CodeIgniter.php(942): App\Controllers\ProfileController->profData()
 3 SYSTEMPATH\CodeIgniter.php(502): CodeIgniter\CodeIgniter->runController(Object(App\Controllers\ProfileController))
 4 SYSTEMPATH\CodeIgniter.php(361): CodeIgniter\CodeIgniter->handleRequest(null, Object(Config\Cache), false)
 5 FCPATH\index.php(87): CodeIgniter\CodeIgniter->run()
CRITICAL - 2023-11-15 08:07:26 --> Undefined variable $userId
in APPPATH\Controllers\ProfileController.php on line 18.
 1 APPPATH\Controllers\ProfileController.php(18): CodeIgniter\Debug\Exceptions->errorHandler(2, 'Undefined variable $userId', 'C:\\laragon\\www\\Appdev\\app\\Controllers\\ProfileController.php', 18)
 2 SYSTEMPATH\CodeIgniter.php(942): App\Controllers\ProfileController->profData()
 3 SYSTEMPATH\CodeIgniter.php(502): CodeIgniter\CodeIgniter->runController(Object(App\Controllers\ProfileController))
 4 SYSTEMPATH\CodeIgniter.php(361): CodeIgniter\CodeIgniter->handleRequest(null, Object(Config\Cache), false)
 5 FCPATH\index.php(87): CodeIgniter\CodeIgniter->run()
CRITICAL - 2023-11-15 08:07:27 --> Undefined variable $userId
in APPPATH\Controllers\ProfileController.php on line 18.
 1 APPPATH\Controllers\ProfileController.php(18): CodeIgniter\Debug\Exceptions->errorHandler(2, 'Undefined variable $userId', 'C:\\laragon\\www\\Appdev\\app\\Controllers\\ProfileController.php', 18)
 2 SYSTEMPATH\CodeIgniter.php(942): App\Controllers\ProfileController->profData()
 3 SYSTEMPATH\CodeIgniter.php(502): CodeIgniter\CodeIgniter->runController(Object(App\Controllers\ProfileController))
 4 SYSTEMPATH\CodeIgniter.php(361): CodeIgniter\CodeIgniter->handleRequest(null, Object(Config\Cache), false)
 5 FCPATH\index.php(87): CodeIgniter\CodeIgniter->run()
CRITICAL - 2023-11-15 08:07:27 --> Undefined variable $userId
in APPPATH\Controllers\ProfileController.php on line 18.
 1 APPPATH\Controllers\ProfileController.php(18): CodeIgniter\Debug\Exceptions->errorHandler(2, 'Undefined variable $userId', 'C:\\laragon\\www\\Appdev\\app\\Controllers\\ProfileController.php', 18)
 2 SYSTEMPATH\CodeIgniter.php(942): App\Controllers\ProfileController->profData()
 3 SYSTEMPATH\CodeIgniter.php(502): CodeIgniter\CodeIgniter->runController(Object(App\Controllers\ProfileController))
 4 SYSTEMPATH\CodeIgniter.php(361): CodeIgniter\CodeIgniter->handleRequest(null, Object(Config\Cache), false)
 5 FCPATH\index.php(87): CodeIgniter\CodeIgniter->run()
CRITICAL - 2023-11-15 08:07:27 --> Undefined variable $userId
in APPPATH\Controllers\ProfileController.php on line 18.
 1 APPPATH\Controllers\ProfileController.php(18): CodeIgniter\Debug\Exceptions->errorHandler(2, 'Undefined variable $userId', 'C:\\laragon\\www\\Appdev\\app\\Controllers\\ProfileController.php', 18)
 2 SYSTEMPATH\CodeIgniter.php(942): App\Controllers\ProfileController->profData()
 3 SYSTEMPATH\CodeIgniter.php(502): CodeIgniter\CodeIgniter->runController(Object(App\Controllers\ProfileController))
 4 SYSTEMPATH\CodeIgniter.php(361): CodeIgniter\CodeIgniter->handleRequest(null, Object(Config\Cache), false)
 5 FCPATH\index.php(87): CodeIgniter\CodeIgniter->run()
CRITICAL - 2023-11-15 08:08:45 --> Undefined variable $userId
in APPPATH\Controllers\ProfileController.php on line 18.
 1 APPPATH\Controllers\ProfileController.php(18): CodeIgniter\Debug\Exceptions->errorHandler(2, 'Undefined variable $userId', 'C:\\laragon\\www\\Appdev\\app\\Controllers\\ProfileController.php', 18)
 2 SYSTEMPATH\CodeIgniter.php(942): App\Controllers\ProfileController->profData()
 3 SYSTEMPATH\CodeIgniter.php(502): CodeIgniter\CodeIgniter->runController(Object(App\Controllers\ProfileController))
 4 SYSTEMPATH\CodeIgniter.php(361): CodeIgniter\CodeIgniter->handleRequest(null, Object(Config\Cache), false)
 5 FCPATH\index.php(87): CodeIgniter\CodeIgniter->run()
CRITICAL - 2023-11-15 08:11:10 --> Undefined variable $user_Id
in APPPATH\Controllers\ProfileController.php on line 18.
 1 APPPATH\Controllers\ProfileController.php(18): CodeIgniter\Debug\Exceptions->errorHandler(2, 'Undefined variable $user_Id', 'C:\\laragon\\www\\Appdev\\app\\Controllers\\ProfileController.php', 18)
 2 SYSTEMPATH\CodeIgniter.php(942): App\Controllers\ProfileController->profData()
 3 SYSTEMPATH\CodeIgniter.php(502): CodeIgniter\CodeIgniter->runController(Object(App\Controllers\ProfileController))
 4 SYSTEMPATH\CodeIgniter.php(361): CodeIgniter\CodeIgniter->handleRequest(null, Object(Config\Cache), false)
 5 FCPATH\index.php(87): CodeIgniter\CodeIgniter->run()
CRITICAL - 2023-11-15 08:13:52 --> Undefined variable $userId
in APPPATH\Controllers\ProfileController.php on line 17.
 1 APPPATH\Controllers\ProfileController.php(17): CodeIgniter\Debug\Exceptions->errorHandler(2, 'Undefined variable $userId', 'C:\\laragon\\www\\Appdev\\app\\Controllers\\ProfileController.php', 17)
 2 SYSTEMPATH\CodeIgniter.php(942): App\Controllers\ProfileController->profData()
 3 SYSTEMPATH\CodeIgniter.php(502): CodeIgniter\CodeIgniter->runController(Object(App\Controllers\ProfileController))
 4 SYSTEMPATH\CodeIgniter.php(361): CodeIgniter\CodeIgniter->handleRequest(null, Object(Config\Cache), false)
 5 FCPATH\index.php(87): CodeIgniter\CodeIgniter->run()
CRITICAL - 2023-11-15 08:13:53 --> Undefined variable $userId
in APPPATH\Controllers\ProfileController.php on line 17.
 1 APPPATH\Controllers\ProfileController.php(17): CodeIgniter\Debug\Exceptions->errorHandler(2, 'Undefined variable $userId', 'C:\\laragon\\www\\Appdev\\app\\Controllers\\ProfileController.php', 17)
 2 SYSTEMPATH\CodeIgniter.php(942): App\Controllers\ProfileController->profData()
 3 SYSTEMPATH\CodeIgniter.php(502): CodeIgniter\CodeIgniter->runController(Object(App\Controllers\ProfileController))
 4 SYSTEMPATH\CodeIgniter.php(361): CodeIgniter\CodeIgniter->handleRequest(null, Object(Config\Cache), false)
 5 FCPATH\index.php(87): CodeIgniter\CodeIgniter->run()
CRITICAL - 2023-11-15 08:15:04 --> Undefined variable $userId
in APPPATH\Controllers\ProfileController.php on line 17.
 1 APPPATH\Controllers\ProfileController.php(17): CodeIgniter\Debug\Exceptions->errorHandler(2, 'Undefined variable $userId', 'C:\\laragon\\www\\Appdev\\app\\Controllers\\ProfileController.php', 17)
 2 SYSTEMPATH\CodeIgniter.php(942): App\Controllers\ProfileController->profData()
 3 SYSTEMPATH\CodeIgniter.php(502): CodeIgniter\CodeIgniter->runController(Object(App\Controllers\ProfileController))
 4 SYSTEMPATH\CodeIgniter.php(361): CodeIgniter\CodeIgniter->handleRequest(null, Object(Config\Cache), false)
 5 FCPATH\index.php(87): CodeIgniter\CodeIgniter->run()
CRITICAL - 2023-11-15 08:15:06 --> Undefined variable $userId
in APPPATH\Controllers\ProfileController.php on line 17.
 1 APPPATH\Controllers\ProfileController.php(17): CodeIgniter\Debug\Exceptions->errorHandler(2, 'Undefined variable $userId', 'C:\\laragon\\www\\Appdev\\app\\Controllers\\ProfileController.php', 17)
 2 SYSTEMPATH\CodeIgniter.php(942): App\Controllers\ProfileController->profData()
 3 SYSTEMPATH\CodeIgniter.php(502): CodeIgniter\CodeIgniter->runController(Object(App\Controllers\ProfileController))
 4 SYSTEMPATH\CodeIgniter.php(361): CodeIgniter\CodeIgniter->handleRequest(null, Object(Config\Cache), false)
 5 FCPATH\index.php(87): CodeIgniter\CodeIgniter->run()
CRITICAL - 2023-11-15 08:15:07 --> Undefined variable $userId
in APPPATH\Controllers\ProfileController.php on line 17.
 1 APPPATH\Controllers\ProfileController.php(17): CodeIgniter\Debug\Exceptions->errorHandler(2, 'Undefined variable $userId', 'C:\\laragon\\www\\Appdev\\app\\Controllers\\ProfileController.php', 17)
 2 SYSTEMPATH\CodeIgniter.php(942): App\Controllers\ProfileController->profData()
 3 SYSTEMPATH\CodeIgniter.php(502): CodeIgniter\CodeIgniter->runController(Object(App\Controllers\ProfileController))
 4 SYSTEMPATH\CodeIgniter.php(361): CodeIgniter\CodeIgniter->handleRequest(null, Object(Config\Cache), false)
 5 FCPATH\index.php(87): CodeIgniter\CodeIgniter->run()
CRITICAL - 2023-11-15 08:15:08 --> Undefined variable $userId
in APPPATH\Controllers\ProfileController.php on line 17.
 1 APPPATH\Controllers\ProfileController.php(17): CodeIgniter\Debug\Exceptions->errorHandler(2, 'Undefined variable $userId', 'C:\\laragon\\www\\Appdev\\app\\Controllers\\ProfileController.php', 17)
 2 SYSTEMPATH\CodeIgniter.php(942): App\Controllers\ProfileController->profData()
 3 SYSTEMPATH\CodeIgniter.php(502): CodeIgniter\CodeIgniter->runController(Object(App\Controllers\ProfileController))
 4 SYSTEMPATH\CodeIgniter.php(361): CodeIgniter\CodeIgniter->handleRequest(null, Object(Config\Cache), false)
 5 FCPATH\index.php(87): CodeIgniter\CodeIgniter->run()
