CRITICAL - 2023-12-17 12:44:48 --> Undefined variable $username
in APPPATH\Controllers\UserController.php on line 38.
 1 APPPATH\Controllers\UserController.php(38): CodeIgniter\Debug\Exceptions->errorHandler(2, 'Undefined variable $username', 'C:\\laragon\\www\\Appdev\\app\\Controllers\\UserController.php', 38)
 2 SYSTEMPATH\CodeIgniter.php(942): App\Controllers\UserController->login()
 3 SYSTEMPATH\CodeIgniter.php(502): CodeIgniter\CodeIgniter->runController(Object(App\Controllers\UserController))
 4 SYSTEMPATH\CodeIgniter.php(361): CodeIgniter\CodeIgniter->handleRequest(null, Object(Config\Cache), false)
 5 FCPATH\index.php(85): CodeIgniter\CodeIgniter->run()
CRITICAL - 2023-12-17 12:44:58 --> Undefined variable $username
in APPPATH\Controllers\UserController.php on line 38.
 1 APPPATH\Controllers\UserController.php(38): CodeIgniter\Debug\Exceptions->errorHandler(2, 'Undefined variable $username', 'C:\\laragon\\www\\Appdev\\app\\Controllers\\UserController.php', 38)
 2 SYSTEMPATH\CodeIgniter.php(942): App\Controllers\UserController->login()
 3 SYSTEMPATH\CodeIgniter.php(502): CodeIgniter\CodeIgniter->runController(Object(App\Controllers\UserController))
 4 SYSTEMPATH\CodeIgniter.php(361): CodeIgniter\CodeIgniter->handleRequest(null, Object(Config\Cache), false)
 5 FCPATH\index.php(85): CodeIgniter\CodeIgniter->run()
CRITICAL - 2023-12-17 12:45:31 --> Undefined variable $username
in APPPATH\Controllers\UserController.php on line 38.
 1 APPPATH\Controllers\UserController.php(38): CodeIgniter\Debug\Exceptions->errorHandler(2, 'Undefined variable $username', 'C:\\laragon\\www\\Appdev\\app\\Controllers\\UserController.php', 38)
 2 SYSTEMPATH\CodeIgniter.php(942): App\Controllers\UserController->login()
 3 SYSTEMPATH\CodeIgniter.php(502): CodeIgniter\CodeIgniter->runController(Object(App\Controllers\UserController))
 4 SYSTEMPATH\CodeIgniter.php(361): CodeIgniter\CodeIgniter->handleRequest(null, Object(Config\Cache), false)
 5 FCPATH\index.php(85): CodeIgniter\CodeIgniter->run()
CRITICAL - 2023-12-17 14:58:33 --> Call to undefined method CodeIgniter\HTTP\IncomingRequest::Post()
in APPPATH\Controllers\UserController.php on line 203.
 1 SYSTEMPATH\CodeIgniter.php(942): App\Controllers\UserController->resetPassword()
 2 SYSTEMPATH\CodeIgniter.php(502): CodeIgniter\CodeIgniter->runController(Object(App\Controllers\UserController))
 3 SYSTEMPATH\CodeIgniter.php(361): CodeIgniter\CodeIgniter->handleRequest(null, Object(Config\Cache), false)
 4 FCPATH\index.php(85): CodeIgniter\CodeIgniter->run()
CRITICAL - 2023-12-17 14:59:04 --> Call to undefined method CodeIgniter\HTTP\IncomingRequest::Post()
in APPPATH\Controllers\UserController.php on line 205.
 1 SYSTEMPATH\CodeIgniter.php(942): App\Controllers\UserController->resetPassword()
 2 SYSTEMPATH\CodeIgniter.php(502): CodeIgniter\CodeIgniter->runController(Object(App\Controllers\UserController))
 3 SYSTEMPATH\CodeIgniter.php(361): CodeIgniter\CodeIgniter->handleRequest(null, Object(Config\Cache), false)
 4 FCPATH\index.php(85): CodeIgniter\CodeIgniter->run()
CRITICAL - 2023-12-17 15:00:03 --> Call to undefined method CodeIgniter\HTTP\IncomingRequest::Post()
in APPPATH\Controllers\UserController.php on line 205.
 1 SYSTEMPATH\CodeIgniter.php(942): App\Controllers\UserController->resetPassword()
 2 SYSTEMPATH\CodeIgniter.php(502): CodeIgniter\CodeIgniter->runController(Object(App\Controllers\UserController))
 3 SYSTEMPATH\CodeIgniter.php(361): CodeIgniter\CodeIgniter->handleRequest(null, Object(Config\Cache), false)
 4 FCPATH\index.php(85): CodeIgniter\CodeIgniter->run()
CRITICAL - 2023-12-17 15:00:26 --> Call to undefined method CodeIgniter\HTTP\IncomingRequest::Post()
in APPPATH\Controllers\UserController.php on line 205.
 1 SYSTEMPATH\CodeIgniter.php(942): App\Controllers\UserController->resetPassword()
 2 SYSTEMPATH\CodeIgniter.php(502): CodeIgniter\CodeIgniter->runController(Object(App\Controllers\UserController))
 3 SYSTEMPATH\CodeIgniter.php(361): CodeIgniter\CodeIgniter->handleRequest(null, Object(Config\Cache), false)
 4 FCPATH\index.php(85): CodeIgniter\CodeIgniter->run()
