ERROR - 2023-11-21 04:19:32 --> mysqli_sql_exception: Column 'email' cannot be null in C:\laragon\www\Appdev\system\Database\MySQLi\Connection.php:306
Stack trace:
#0 C:\laragon\www\Appdev\system\Database\MySQLi\Connection.php(306): mysqli->query('INSERT INTO `us...', 0)
#1 C:\laragon\www\Appdev\system\Database\BaseConnection.php(693): CodeIgniter\Database\MySQLi\Connection->execute('INSERT INTO `us...')
#2 C:\laragon\www\Appdev\system\Database\BaseConnection.php(607): CodeIgniter\Database\BaseConnection->simpleQuery('INSERT INTO `us...')
#3 C:\laragon\www\Appdev\system\Database\BaseBuilder.php(2308): CodeIgniter\Database\BaseConnection->query('INSERT INTO `us...', Array, false)
#4 C:\laragon\www\Appdev\system\Model.php(319): CodeIgniter\Database\BaseBuilder->insert()
#5 C:\laragon\www\Appdev\system\BaseModel.php(788): CodeIgniter\Model->doInsert(Array)
#6 C:\laragon\www\Appdev\system\Model.php(715): CodeIgniter\BaseModel->insert(Array, false)
#7 C:\laragon\www\Appdev\system\BaseModel.php(698): CodeIgniter\Model->insert(Array, false)
#8 C:\laragon\www\Appdev\app\Controllers\UserController.php(56): CodeIgniter\BaseModel->save(Array)
#9 C:\laragon\www\Appdev\system\CodeIgniter.php(942): App\Controllers\UserController->register()
#10 C:\laragon\www\Appdev\system\CodeIgniter.php(502): CodeIgniter\CodeIgniter->runController(Object(App\Controllers\UserController))
#11 C:\laragon\www\Appdev\system\CodeIgniter.php(361): CodeIgniter\CodeIgniter->handleRequest(NULL, Object(Config\Cache), false)
#12 C:\laragon\www\Appdev\public\index.php(87): CodeIgniter\CodeIgniter->run()
#13 {main}
CRITICAL - 2023-11-21 04:19:32 --> Column 'email' cannot be null
in SYSTEMPATH\Database\BaseConnection.php on line 647.
 1 SYSTEMPATH\Database\BaseBuilder.php(2308): CodeIgniter\Database\BaseConnection->query('INSERT INTO `users` (`username`, `password`, `email`, `full_name`, `verification_token`, `status`, `role`) VALUES (:username:, :password:, :email:, :full_name:, :verification_token:, :status:, :role:)', [...], false)
 2 SYSTEMPATH\Model.php(319): CodeIgniter\Database\BaseBuilder->insert()
 3 SYSTEMPATH\BaseModel.php(788): CodeIgniter\Model->doInsert([...])
 4 SYSTEMPATH\Model.php(715): CodeIgniter\BaseModel->insert([...], false)
 5 SYSTEMPATH\BaseModel.php(698): CodeIgniter\Model->insert([...], false)
 6 APPPATH\Controllers\UserController.php(56): CodeIgniter\BaseModel->save([...])
 7 SYSTEMPATH\CodeIgniter.php(942): App\Controllers\UserController->register()
 8 SYSTEMPATH\CodeIgniter.php(502): CodeIgniter\CodeIgniter->runController(Object(App\Controllers\UserController))
 9 SYSTEMPATH\CodeIgniter.php(361): CodeIgniter\CodeIgniter->handleRequest(null, Object(Config\Cache), false)
10 FCPATH\index.php(87): CodeIgniter\CodeIgniter->run()
ERROR - 2023-11-21 05:18:34 --> mysqli_sql_exception: Column 'email' cannot be null in C:\laragon\www\Appdev\system\Database\MySQLi\Connection.php:306
Stack trace:
#0 C:\laragon\www\Appdev\system\Database\MySQLi\Connection.php(306): mysqli->query('INSERT INTO `us...', 0)
#1 C:\laragon\www\Appdev\system\Database\BaseConnection.php(693): CodeIgniter\Database\MySQLi\Connection->execute('INSERT INTO `us...')
#2 C:\laragon\www\Appdev\system\Database\BaseConnection.php(607): CodeIgniter\Database\BaseConnection->simpleQuery('INSERT INTO `us...')
#3 C:\laragon\www\Appdev\system\Database\BaseBuilder.php(2308): CodeIgniter\Database\BaseConnection->query('INSERT INTO `us...', Array, false)
#4 C:\laragon\www\Appdev\system\Model.php(319): CodeIgniter\Database\BaseBuilder->insert()
#5 C:\laragon\www\Appdev\system\BaseModel.php(788): CodeIgniter\Model->doInsert(Array)
#6 C:\laragon\www\Appdev\system\Model.php(715): CodeIgniter\BaseModel->insert(Array, false)
#7 C:\laragon\www\Appdev\system\BaseModel.php(698): CodeIgniter\Model->insert(Array, false)
#8 C:\laragon\www\Appdev\app\Controllers\UserController.php(56): CodeIgniter\BaseModel->save(Array)
#9 C:\laragon\www\Appdev\system\CodeIgniter.php(942): App\Controllers\UserController->register()
#10 C:\laragon\www\Appdev\system\CodeIgniter.php(502): CodeIgniter\CodeIgniter->runController(Object(App\Controllers\UserController))
#11 C:\laragon\www\Appdev\system\CodeIgniter.php(361): CodeIgniter\CodeIgniter->handleRequest(NULL, Object(Config\Cache), false)
#12 C:\laragon\www\Appdev\public\index.php(87): CodeIgniter\CodeIgniter->run()
#13 {main}
CRITICAL - 2023-11-21 05:18:34 --> Column 'email' cannot be null
in SYSTEMPATH\Database\BaseConnection.php on line 647.
 1 SYSTEMPATH\Database\BaseBuilder.php(2308): CodeIgniter\Database\BaseConnection->query('INSERT INTO `users` (`username`, `password`, `email`, `full_name`, `verification_token`, `status`, `role`) VALUES (:username:, :password:, :email:, :full_name:, :verification_token:, :status:, :role:)', [...], false)
 2 SYSTEMPATH\Model.php(319): CodeIgniter\Database\BaseBuilder->insert()
 3 SYSTEMPATH\BaseModel.php(788): CodeIgniter\Model->doInsert([...])
 4 SYSTEMPATH\Model.php(715): CodeIgniter\BaseModel->insert([...], false)
 5 SYSTEMPATH\BaseModel.php(698): CodeIgniter\Model->insert([...], false)
 6 APPPATH\Controllers\UserController.php(56): CodeIgniter\BaseModel->save([...])
 7 SYSTEMPATH\CodeIgniter.php(942): App\Controllers\UserController->register()
 8 SYSTEMPATH\CodeIgniter.php(502): CodeIgniter\CodeIgniter->runController(Object(App\Controllers\UserController))
 9 SYSTEMPATH\CodeIgniter.php(361): CodeIgniter\CodeIgniter->handleRequest(null, Object(Config\Cache), false)
10 FCPATH\index.php(87): CodeIgniter\CodeIgniter->run()
ERROR - 2023-11-21 05:19:32 --> mysqli_sql_exception: Column 'email' cannot be null in C:\laragon\www\Appdev\system\Database\MySQLi\Connection.php:306
Stack trace:
#0 C:\laragon\www\Appdev\system\Database\MySQLi\Connection.php(306): mysqli->query('INSERT INTO `us...', 0)
#1 C:\laragon\www\Appdev\system\Database\BaseConnection.php(693): CodeIgniter\Database\MySQLi\Connection->execute('INSERT INTO `us...')
#2 C:\laragon\www\Appdev\system\Database\BaseConnection.php(607): CodeIgniter\Database\BaseConnection->simpleQuery('INSERT INTO `us...')
#3 C:\laragon\www\Appdev\system\Database\BaseBuilder.php(2308): CodeIgniter\Database\BaseConnection->query('INSERT INTO `us...', Array, false)
#4 C:\laragon\www\Appdev\system\Model.php(319): CodeIgniter\Database\BaseBuilder->insert()
#5 C:\laragon\www\Appdev\system\BaseModel.php(788): CodeIgniter\Model->doInsert(Array)
#6 C:\laragon\www\Appdev\system\Model.php(715): CodeIgniter\BaseModel->insert(Array, false)
#7 C:\laragon\www\Appdev\system\BaseModel.php(698): CodeIgniter\Model->insert(Array, false)
#8 C:\laragon\www\Appdev\app\Controllers\UserController.php(56): CodeIgniter\BaseModel->save(Array)
#9 C:\laragon\www\Appdev\system\CodeIgniter.php(942): App\Controllers\UserController->register()
#10 C:\laragon\www\Appdev\system\CodeIgniter.php(502): CodeIgniter\CodeIgniter->runController(Object(App\Controllers\UserController))
#11 C:\laragon\www\Appdev\system\CodeIgniter.php(361): CodeIgniter\CodeIgniter->handleRequest(NULL, Object(Config\Cache), false)
#12 C:\laragon\www\Appdev\public\index.php(87): CodeIgniter\CodeIgniter->run()
#13 {main}
CRITICAL - 2023-11-21 05:19:32 --> Column 'email' cannot be null
in SYSTEMPATH\Database\BaseConnection.php on line 647.
 1 SYSTEMPATH\Database\BaseBuilder.php(2308): CodeIgniter\Database\BaseConnection->query('INSERT INTO `users` (`username`, `password`, `email`, `full_name`, `verification_token`, `status`, `role`) VALUES (:username:, :password:, :email:, :full_name:, :verification_token:, :status:, :role:)', [...], false)
 2 SYSTEMPATH\Model.php(319): CodeIgniter\Database\BaseBuilder->insert()
 3 SYSTEMPATH\BaseModel.php(788): CodeIgniter\Model->doInsert([...])
 4 SYSTEMPATH\Model.php(715): CodeIgniter\BaseModel->insert([...], false)
 5 SYSTEMPATH\BaseModel.php(698): CodeIgniter\Model->insert([...], false)
 6 APPPATH\Controllers\UserController.php(56): CodeIgniter\BaseModel->save([...])
 7 SYSTEMPATH\CodeIgniter.php(942): App\Controllers\UserController->register()
 8 SYSTEMPATH\CodeIgniter.php(502): CodeIgniter\CodeIgniter->runController(Object(App\Controllers\UserController))
 9 SYSTEMPATH\CodeIgniter.php(361): CodeIgniter\CodeIgniter->handleRequest(null, Object(Config\Cache), false)
10 FCPATH\index.php(87): CodeIgniter\CodeIgniter->run()
CRITICAL - 2023-11-21 05:34:22 --> Undefined constant "App\Controllers\request"
in APPPATH\Controllers\ProfileController.php on line 26.
 1 SYSTEMPATH\CodeIgniter.php(942): App\Controllers\ProfileController->status()
 2 SYSTEMPATH\CodeIgniter.php(502): CodeIgniter\CodeIgniter->runController(Object(App\Controllers\ProfileController))
 3 SYSTEMPATH\CodeIgniter.php(361): CodeIgniter\CodeIgniter->handleRequest(null, Object(Config\Cache), false)
 4 FCPATH\index.php(87): CodeIgniter\CodeIgniter->run()
CRITICAL - 2023-11-21 05:35:20 --> Undefined constant "App\Controllers\request"
in APPPATH\Controllers\ProfileController.php on line 26.
 1 SYSTEMPATH\CodeIgniter.php(942): App\Controllers\ProfileController->status('2')
 2 SYSTEMPATH\CodeIgniter.php(502): CodeIgniter\CodeIgniter->runController(Object(App\Controllers\ProfileController))
 3 SYSTEMPATH\CodeIgniter.php(361): CodeIgniter\CodeIgniter->handleRequest(null, Object(Config\Cache), false)
 4 FCPATH\index.php(87): CodeIgniter\CodeIgniter->run()
CRITICAL - 2023-11-21 05:36:02 --> Trying to access array offset on value of type null
in APPPATH\Controllers\ProfileController.php on line 15.
 1 APPPATH\Controllers\ProfileController.php(15): CodeIgniter\Debug\Exceptions->errorHandler(2, 'Trying to access array offset on value of type null', 'C:\\laragon\\www\\Appdev\\app\\Controllers\\ProfileController.php', 15)
 2 APPPATH\Controllers\ProfileController.php(27): App\Controllers\ProfileController->getUser('2')
 3 SYSTEMPATH\CodeIgniter.php(942): App\Controllers\ProfileController->status('2')
 4 SYSTEMPATH\CodeIgniter.php(502): CodeIgniter\CodeIgniter->runController(Object(App\Controllers\ProfileController))
 5 SYSTEMPATH\CodeIgniter.php(361): CodeIgniter\CodeIgniter->handleRequest(null, Object(Config\Cache), false)
 6 FCPATH\index.php(87): CodeIgniter\CodeIgniter->run()
CRITICAL - 2023-11-21 05:36:46 --> Trying to access array offset on value of type null
in APPPATH\Controllers\ProfileController.php on line 15.
 1 APPPATH\Controllers\ProfileController.php(15): CodeIgniter\Debug\Exceptions->errorHandler(2, 'Trying to access array offset on value of type null', 'C:\\laragon\\www\\Appdev\\app\\Controllers\\ProfileController.php', 15)
 2 APPPATH\Controllers\ProfileController.php(27): App\Controllers\ProfileController->getUser('2')
 3 SYSTEMPATH\CodeIgniter.php(942): App\Controllers\ProfileController->status('2')
 4 SYSTEMPATH\CodeIgniter.php(502): CodeIgniter\CodeIgniter->runController(Object(App\Controllers\ProfileController))
 5 SYSTEMPATH\CodeIgniter.php(361): CodeIgniter\CodeIgniter->handleRequest(null, Object(Config\Cache), false)
 6 FCPATH\index.php(87): CodeIgniter\CodeIgniter->run()
CRITICAL - 2023-11-21 05:36:47 --> Trying to access array offset on value of type null
in APPPATH\Controllers\ProfileController.php on line 15.
 1 APPPATH\Controllers\ProfileController.php(15): CodeIgniter\Debug\Exceptions->errorHandler(2, 'Trying to access array offset on value of type null', 'C:\\laragon\\www\\Appdev\\app\\Controllers\\ProfileController.php', 15)
 2 APPPATH\Controllers\ProfileController.php(27): App\Controllers\ProfileController->getUser('2')
 3 SYSTEMPATH\CodeIgniter.php(942): App\Controllers\ProfileController->status('2')
 4 SYSTEMPATH\CodeIgniter.php(502): CodeIgniter\CodeIgniter->runController(Object(App\Controllers\ProfileController))
 5 SYSTEMPATH\CodeIgniter.php(361): CodeIgniter\CodeIgniter->handleRequest(null, Object(Config\Cache), false)
 6 FCPATH\index.php(87): CodeIgniter\CodeIgniter->run()
CRITICAL - 2023-11-21 05:36:47 --> Trying to access array offset on value of type null
in APPPATH\Controllers\ProfileController.php on line 15.
 1 APPPATH\Controllers\ProfileController.php(15): CodeIgniter\Debug\Exceptions->errorHandler(2, 'Trying to access array offset on value of type null', 'C:\\laragon\\www\\Appdev\\app\\Controllers\\ProfileController.php', 15)
 2 APPPATH\Controllers\ProfileController.php(27): App\Controllers\ProfileController->getUser('2')
 3 SYSTEMPATH\CodeIgniter.php(942): App\Controllers\ProfileController->status('2')
 4 SYSTEMPATH\CodeIgniter.php(502): CodeIgniter\CodeIgniter->runController(Object(App\Controllers\ProfileController))
 5 SYSTEMPATH\CodeIgniter.php(361): CodeIgniter\CodeIgniter->handleRequest(null, Object(Config\Cache), false)
 6 FCPATH\index.php(87): CodeIgniter\CodeIgniter->run()
CRITICAL - 2023-11-21 05:37:03 --> Undefined variable $userId
in APPPATH\Controllers\ProfileController.php on line 30.
 1 APPPATH\Controllers\ProfileController.php(30): CodeIgniter\Debug\Exceptions->errorHandler(2, 'Undefined variable $userId', 'C:\\laragon\\www\\Appdev\\app\\Controllers\\ProfileController.php', 30)
 2 SYSTEMPATH\CodeIgniter.php(942): App\Controllers\ProfileController->status('2')
 3 SYSTEMPATH\CodeIgniter.php(502): CodeIgniter\CodeIgniter->runController(Object(App\Controllers\ProfileController))
 4 SYSTEMPATH\CodeIgniter.php(361): CodeIgniter\CodeIgniter->handleRequest(null, Object(Config\Cache), false)
 5 FCPATH\index.php(87): CodeIgniter\CodeIgniter->run()
CRITICAL - 2023-11-21 05:37:58 --> Undefined variable $userId
in APPPATH\Controllers\ProfileController.php on line 30.
 1 APPPATH\Controllers\ProfileController.php(30): CodeIgniter\Debug\Exceptions->errorHandler(2, 'Undefined variable $userId', 'C:\\laragon\\www\\Appdev\\app\\Controllers\\ProfileController.php', 30)
 2 SYSTEMPATH\CodeIgniter.php(942): App\Controllers\ProfileController->status('1')
 3 SYSTEMPATH\CodeIgniter.php(502): CodeIgniter\CodeIgniter->runController(Object(App\Controllers\ProfileController))
 4 SYSTEMPATH\CodeIgniter.php(361): CodeIgniter\CodeIgniter->handleRequest(null, Object(Config\Cache), false)
 5 FCPATH\index.php(87): CodeIgniter\CodeIgniter->run()
ERROR - 2023-11-21 06:05:05 --> mysqli_sql_exception: Column 'email' cannot be null in C:\laragon\www\Appdev\system\Database\MySQLi\Connection.php:306
Stack trace:
#0 C:\laragon\www\Appdev\system\Database\MySQLi\Connection.php(306): mysqli->query('INSERT INTO `us...', 0)
#1 C:\laragon\www\Appdev\system\Database\BaseConnection.php(693): CodeIgniter\Database\MySQLi\Connection->execute('INSERT INTO `us...')
#2 C:\laragon\www\Appdev\system\Database\BaseConnection.php(607): CodeIgniter\Database\BaseConnection->simpleQuery('INSERT INTO `us...')
#3 C:\laragon\www\Appdev\system\Database\BaseBuilder.php(2308): CodeIgniter\Database\BaseConnection->query('INSERT INTO `us...', Array, false)
#4 C:\laragon\www\Appdev\system\Model.php(319): CodeIgniter\Database\BaseBuilder->insert()
#5 C:\laragon\www\Appdev\system\BaseModel.php(788): CodeIgniter\Model->doInsert(Array)
#6 C:\laragon\www\Appdev\system\Model.php(715): CodeIgniter\BaseModel->insert(Array, false)
#7 C:\laragon\www\Appdev\system\BaseModel.php(698): CodeIgniter\Model->insert(Array, false)
#8 C:\laragon\www\Appdev\app\Controllers\UserController.php(56): CodeIgniter\BaseModel->save(Array)
#9 C:\laragon\www\Appdev\system\CodeIgniter.php(942): App\Controllers\UserController->register()
#10 C:\laragon\www\Appdev\system\CodeIgniter.php(502): CodeIgniter\CodeIgniter->runController(Object(App\Controllers\UserController))
#11 C:\laragon\www\Appdev\system\CodeIgniter.php(361): CodeIgniter\CodeIgniter->handleRequest(NULL, Object(Config\Cache), false)
#12 C:\laragon\www\Appdev\public\index.php(87): CodeIgniter\CodeIgniter->run()
#13 {main}
CRITICAL - 2023-11-21 06:05:05 --> Column 'email' cannot be null
in SYSTEMPATH\Database\BaseConnection.php on line 647.
 1 SYSTEMPATH\Database\BaseBuilder.php(2308): CodeIgniter\Database\BaseConnection->query('INSERT INTO `users` (`username`, `password`, `email`, `full_name`, `verification_token`, `status`, `role`) VALUES (:username:, :password:, :email:, :full_name:, :verification_token:, :status:, :role:)', [...], false)
 2 SYSTEMPATH\Model.php(319): CodeIgniter\Database\BaseBuilder->insert()
 3 SYSTEMPATH\BaseModel.php(788): CodeIgniter\Model->doInsert([...])
 4 SYSTEMPATH\Model.php(715): CodeIgniter\BaseModel->insert([...], false)
 5 SYSTEMPATH\BaseModel.php(698): CodeIgniter\Model->insert([...], false)
 6 APPPATH\Controllers\UserController.php(56): CodeIgniter\BaseModel->save([...])
 7 SYSTEMPATH\CodeIgniter.php(942): App\Controllers\UserController->register()
 8 SYSTEMPATH\CodeIgniter.php(502): CodeIgniter\CodeIgniter->runController(Object(App\Controllers\UserController))
 9 SYSTEMPATH\CodeIgniter.php(361): CodeIgniter\CodeIgniter->handleRequest(null, Object(Config\Cache), false)
10 FCPATH\index.php(87): CodeIgniter\CodeIgniter->run()
ERROR - 2023-11-21 06:05:12 --> mysqli_sql_exception: Column 'email' cannot be null in C:\laragon\www\Appdev\system\Database\MySQLi\Connection.php:306
Stack trace:
#0 C:\laragon\www\Appdev\system\Database\MySQLi\Connection.php(306): mysqli->query('INSERT INTO `us...', 0)
#1 C:\laragon\www\Appdev\system\Database\BaseConnection.php(693): CodeIgniter\Database\MySQLi\Connection->execute('INSERT INTO `us...')
#2 C:\laragon\www\Appdev\system\Database\BaseConnection.php(607): CodeIgniter\Database\BaseConnection->simpleQuery('INSERT INTO `us...')
#3 C:\laragon\www\Appdev\system\Database\BaseBuilder.php(2308): CodeIgniter\Database\BaseConnection->query('INSERT INTO `us...', Array, false)
#4 C:\laragon\www\Appdev\system\Model.php(319): CodeIgniter\Database\BaseBuilder->insert()
#5 C:\laragon\www\Appdev\system\BaseModel.php(788): CodeIgniter\Model->doInsert(Array)
#6 C:\laragon\www\Appdev\system\Model.php(715): CodeIgniter\BaseModel->insert(Array, false)
#7 C:\laragon\www\Appdev\system\BaseModel.php(698): CodeIgniter\Model->insert(Array, false)
#8 C:\laragon\www\Appdev\app\Controllers\UserController.php(56): CodeIgniter\BaseModel->save(Array)
#9 C:\laragon\www\Appdev\system\CodeIgniter.php(942): App\Controllers\UserController->register()
#10 C:\laragon\www\Appdev\system\CodeIgniter.php(502): CodeIgniter\CodeIgniter->runController(Object(App\Controllers\UserController))
#11 C:\laragon\www\Appdev\system\CodeIgniter.php(361): CodeIgniter\CodeIgniter->handleRequest(NULL, Object(Config\Cache), false)
#12 C:\laragon\www\Appdev\public\index.php(87): CodeIgniter\CodeIgniter->run()
#13 {main}
CRITICAL - 2023-11-21 06:05:12 --> Column 'email' cannot be null
in SYSTEMPATH\Database\BaseConnection.php on line 647.
 1 SYSTEMPATH\Database\BaseBuilder.php(2308): CodeIgniter\Database\BaseConnection->query('INSERT INTO `users` (`username`, `password`, `email`, `full_name`, `verification_token`, `status`, `role`) VALUES (:username:, :password:, :email:, :full_name:, :verification_token:, :status:, :role:)', [...], false)
 2 SYSTEMPATH\Model.php(319): CodeIgniter\Database\BaseBuilder->insert()
 3 SYSTEMPATH\BaseModel.php(788): CodeIgniter\Model->doInsert([...])
 4 SYSTEMPATH\Model.php(715): CodeIgniter\BaseModel->insert([...], false)
 5 SYSTEMPATH\BaseModel.php(698): CodeIgniter\Model->insert([...], false)
 6 APPPATH\Controllers\UserController.php(56): CodeIgniter\BaseModel->save([...])
 7 SYSTEMPATH\CodeIgniter.php(942): App\Controllers\UserController->register()
 8 SYSTEMPATH\CodeIgniter.php(502): CodeIgniter\CodeIgniter->runController(Object(App\Controllers\UserController))
 9 SYSTEMPATH\CodeIgniter.php(361): CodeIgniter\CodeIgniter->handleRequest(null, Object(Config\Cache), false)
10 FCPATH\index.php(87): CodeIgniter\CodeIgniter->run()
ERROR - 2023-11-21 09:44:51 --> mysqli_sql_exception: Column 'email' cannot be null in C:\laragon\www\Appdev\system\Database\MySQLi\Connection.php:306
Stack trace:
#0 C:\laragon\www\Appdev\system\Database\MySQLi\Connection.php(306): mysqli->query('INSERT INTO `us...', 0)
#1 C:\laragon\www\Appdev\system\Database\BaseConnection.php(693): CodeIgniter\Database\MySQLi\Connection->execute('INSERT INTO `us...')
#2 C:\laragon\www\Appdev\system\Database\BaseConnection.php(607): CodeIgniter\Database\BaseConnection->simpleQuery('INSERT INTO `us...')
#3 C:\laragon\www\Appdev\system\Database\BaseBuilder.php(2308): CodeIgniter\Database\BaseConnection->query('INSERT INTO `us...', Array, false)
#4 C:\laragon\www\Appdev\system\Model.php(319): CodeIgniter\Database\BaseBuilder->insert()
#5 C:\laragon\www\Appdev\system\BaseModel.php(788): CodeIgniter\Model->doInsert(Array)
#6 C:\laragon\www\Appdev\system\Model.php(715): CodeIgniter\BaseModel->insert(Array, false)
#7 C:\laragon\www\Appdev\system\BaseModel.php(698): CodeIgniter\Model->insert(Array, false)
#8 C:\laragon\www\Appdev\app\Controllers\UserController.php(91): CodeIgniter\BaseModel->save(Array)
#9 C:\laragon\www\Appdev\system\CodeIgniter.php(942): App\Controllers\UserController->register()
#10 C:\laragon\www\Appdev\system\CodeIgniter.php(502): CodeIgniter\CodeIgniter->runController(Object(App\Controllers\UserController))
#11 C:\laragon\www\Appdev\system\CodeIgniter.php(361): CodeIgniter\CodeIgniter->handleRequest(NULL, Object(Config\Cache), false)
#12 C:\laragon\www\Appdev\public\index.php(87): CodeIgniter\CodeIgniter->run()
#13 {main}
CRITICAL - 2023-11-21 09:44:51 --> Column 'email' cannot be null
in SYSTEMPATH\Database\BaseConnection.php on line 647.
 1 SYSTEMPATH\Database\BaseBuilder.php(2308): CodeIgniter\Database\BaseConnection->query('INSERT INTO `users` (`username`, `password`, `email`, `full_name`, `verification_token`, `status`, `role`) VALUES (:username:, :password:, :email:, :full_name:, :verification_token:, :status:, :role:)', [...], false)
 2 SYSTEMPATH\Model.php(319): CodeIgniter\Database\BaseBuilder->insert()
 3 SYSTEMPATH\BaseModel.php(788): CodeIgniter\Model->doInsert([...])
 4 SYSTEMPATH\Model.php(715): CodeIgniter\BaseModel->insert([...], false)
 5 SYSTEMPATH\BaseModel.php(698): CodeIgniter\Model->insert([...], false)
 6 APPPATH\Controllers\UserController.php(91): CodeIgniter\BaseModel->save([...])
 7 SYSTEMPATH\CodeIgniter.php(942): App\Controllers\UserController->register()
 8 SYSTEMPATH\CodeIgniter.php(502): CodeIgniter\CodeIgniter->runController(Object(App\Controllers\UserController))
 9 SYSTEMPATH\CodeIgniter.php(361): CodeIgniter\CodeIgniter->handleRequest(null, Object(Config\Cache), false)
10 FCPATH\index.php(87): CodeIgniter\CodeIgniter->run()
ERROR - 2023-11-21 09:44:58 --> mysqli_sql_exception: Column 'email' cannot be null in C:\laragon\www\Appdev\system\Database\MySQLi\Connection.php:306
Stack trace:
#0 C:\laragon\www\Appdev\system\Database\MySQLi\Connection.php(306): mysqli->query('INSERT INTO `us...', 0)
#1 C:\laragon\www\Appdev\system\Database\BaseConnection.php(693): CodeIgniter\Database\MySQLi\Connection->execute('INSERT INTO `us...')
#2 C:\laragon\www\Appdev\system\Database\BaseConnection.php(607): CodeIgniter\Database\BaseConnection->simpleQuery('INSERT INTO `us...')
#3 C:\laragon\www\Appdev\system\Database\BaseBuilder.php(2308): CodeIgniter\Database\BaseConnection->query('INSERT INTO `us...', Array, false)
#4 C:\laragon\www\Appdev\system\Model.php(319): CodeIgniter\Database\BaseBuilder->insert()
#5 C:\laragon\www\Appdev\system\BaseModel.php(788): CodeIgniter\Model->doInsert(Array)
#6 C:\laragon\www\Appdev\system\Model.php(715): CodeIgniter\BaseModel->insert(Array, false)
#7 C:\laragon\www\Appdev\system\BaseModel.php(698): CodeIgniter\Model->insert(Array, false)
#8 C:\laragon\www\Appdev\app\Controllers\UserController.php(91): CodeIgniter\BaseModel->save(Array)
#9 C:\laragon\www\Appdev\system\CodeIgniter.php(942): App\Controllers\UserController->register()
#10 C:\laragon\www\Appdev\system\CodeIgniter.php(502): CodeIgniter\CodeIgniter->runController(Object(App\Controllers\UserController))
#11 C:\laragon\www\Appdev\system\CodeIgniter.php(361): CodeIgniter\CodeIgniter->handleRequest(NULL, Object(Config\Cache), false)
#12 C:\laragon\www\Appdev\public\index.php(87): CodeIgniter\CodeIgniter->run()
#13 {main}
CRITICAL - 2023-11-21 09:44:58 --> Column 'email' cannot be null
in SYSTEMPATH\Database\BaseConnection.php on line 647.
 1 SYSTEMPATH\Database\BaseBuilder.php(2308): CodeIgniter\Database\BaseConnection->query('INSERT INTO `users` (`username`, `password`, `email`, `full_name`, `verification_token`, `status`, `role`) VALUES (:username:, :password:, :email:, :full_name:, :verification_token:, :status:, :role:)', [...], false)
 2 SYSTEMPATH\Model.php(319): CodeIgniter\Database\BaseBuilder->insert()
 3 SYSTEMPATH\BaseModel.php(788): CodeIgniter\Model->doInsert([...])
 4 SYSTEMPATH\Model.php(715): CodeIgniter\BaseModel->insert([...], false)
 5 SYSTEMPATH\BaseModel.php(698): CodeIgniter\Model->insert([...], false)
 6 APPPATH\Controllers\UserController.php(91): CodeIgniter\BaseModel->save([...])
 7 SYSTEMPATH\CodeIgniter.php(942): App\Controllers\UserController->register()
 8 SYSTEMPATH\CodeIgniter.php(502): CodeIgniter\CodeIgniter->runController(Object(App\Controllers\UserController))
 9 SYSTEMPATH\CodeIgniter.php(361): CodeIgniter\CodeIgniter->handleRequest(null, Object(Config\Cache), false)
10 FCPATH\index.php(87): CodeIgniter\CodeIgniter->run()
CRITICAL - 2023-11-21 10:23:44 --> Call to undefined method App\Controllers\UserController::verification()
in APPPATH\Controllers\UserController.php on line 62.
 1 SYSTEMPATH\CodeIgniter.php(942): App\Controllers\UserController->register()
 2 SYSTEMPATH\CodeIgniter.php(502): CodeIgniter\CodeIgniter->runController(Object(App\Controllers\UserController))
 3 SYSTEMPATH\CodeIgniter.php(361): CodeIgniter\CodeIgniter->handleRequest(null, Object(Config\Cache), false)
 4 FCPATH\index.php(87): CodeIgniter\CodeIgniter->run()
CRITICAL - 2023-11-21 10:25:47 --> Call to undefined method App\Controllers\UserController::verification()
in APPPATH\Controllers\UserController.php on line 62.
 1 SYSTEMPATH\CodeIgniter.php(942): App\Controllers\UserController->register()
 2 SYSTEMPATH\CodeIgniter.php(502): CodeIgniter\CodeIgniter->runController(Object(App\Controllers\UserController))
 3 SYSTEMPATH\CodeIgniter.php(361): CodeIgniter\CodeIgniter->handleRequest(null, Object(Config\Cache), false)
 4 FCPATH\index.php(87): CodeIgniter\CodeIgniter->run()
CRITICAL - 2023-11-21 10:30:07 --> Call to undefined method App\Controllers\UserController::verification()
in APPPATH\Controllers\UserController.php on line 62.
 1 SYSTEMPATH\CodeIgniter.php(942): App\Controllers\UserController->register()
 2 SYSTEMPATH\CodeIgniter.php(502): CodeIgniter\CodeIgniter->runController(Object(App\Controllers\UserController))
 3 SYSTEMPATH\CodeIgniter.php(361): CodeIgniter\CodeIgniter->handleRequest(null, Object(Config\Cache), false)
 4 FCPATH\index.php(87): CodeIgniter\CodeIgniter->run()
CRITICAL - 2023-11-21 12:02:47 --> Call to undefined method App\Controllers\UserController::verification()
in APPPATH\Controllers\UserController.php on line 62.
 1 SYSTEMPATH\CodeIgniter.php(942): App\Controllers\UserController->register()
 2 SYSTEMPATH\CodeIgniter.php(502): CodeIgniter\CodeIgniter->runController(Object(App\Controllers\UserController))
 3 SYSTEMPATH\CodeIgniter.php(361): CodeIgniter\CodeIgniter->handleRequest(null, Object(Config\Cache), false)
 4 FCPATH\index.php(87): CodeIgniter\CodeIgniter->run()
CRITICAL - 2023-11-21 12:32:46 --> Call to undefined method App\Controllers\UserController::verification()
in APPPATH\Controllers\UserController.php on line 62.
 1 SYSTEMPATH\CodeIgniter.php(942): App\Controllers\UserController->register()
 2 SYSTEMPATH\CodeIgniter.php(502): CodeIgniter\CodeIgniter->runController(Object(App\Controllers\UserController))
 3 SYSTEMPATH\CodeIgniter.php(361): CodeIgniter\CodeIgniter->handleRequest(null, Object(Config\Cache), false)
 4 FCPATH\index.php(87): CodeIgniter\CodeIgniter->run()
CRITICAL - 2023-11-21 13:20:13 --> Undefined array key "verification_token"
in APPPATH\Controllers\UserController.php on line 43.
 1 APPPATH\Controllers\UserController.php(43): CodeIgniter\Debug\Exceptions->errorHandler(2, 'Undefined array key "verification_token"', 'C:\\laragon\\www\\Appdev\\app\\Controllers\\UserController.php', 43)
 2 SYSTEMPATH\CodeIgniter.php(942): App\Controllers\UserController->login()
 3 SYSTEMPATH\CodeIgniter.php(502): CodeIgniter\CodeIgniter->runController(Object(App\Controllers\UserController))
 4 SYSTEMPATH\CodeIgniter.php(361): CodeIgniter\CodeIgniter->handleRequest(null, Object(Config\Cache), false)
 5 FCPATH\index.php(87): CodeIgniter\CodeIgniter->run()
CRITICAL - 2023-11-21 13:26:40 --> Undefined array key "verification_token"
in APPPATH\Controllers\UserController.php on line 43.
 1 APPPATH\Controllers\UserController.php(43): CodeIgniter\Debug\Exceptions->errorHandler(2, 'Undefined array key "verification_token"', 'C:\\laragon\\www\\Appdev\\app\\Controllers\\UserController.php', 43)
 2 SYSTEMPATH\CodeIgniter.php(942): App\Controllers\UserController->login()
 3 SYSTEMPATH\CodeIgniter.php(502): CodeIgniter\CodeIgniter->runController(Object(App\Controllers\UserController))
 4 SYSTEMPATH\CodeIgniter.php(361): CodeIgniter\CodeIgniter->handleRequest(null, Object(Config\Cache), false)
 5 FCPATH\index.php(87): CodeIgniter\CodeIgniter->run()
CRITICAL - 2023-11-21 13:41:03 --> Undefined array key "verification_token"
in APPPATH\Controllers\UserController.php on line 42.
 1 APPPATH\Controllers\UserController.php(42): CodeIgniter\Debug\Exceptions->errorHandler(2, 'Undefined array key "verification_token"', 'C:\\laragon\\www\\Appdev\\app\\Controllers\\UserController.php', 42)
 2 SYSTEMPATH\CodeIgniter.php(942): App\Controllers\UserController->login()
 3 SYSTEMPATH\CodeIgniter.php(502): CodeIgniter\CodeIgniter->runController(Object(App\Controllers\UserController))
 4 SYSTEMPATH\CodeIgniter.php(361): CodeIgniter\CodeIgniter->handleRequest(null, Object(Config\Cache), false)
 5 FCPATH\index.php(87): CodeIgniter\CodeIgniter->run()
CRITICAL - 2023-11-21 13:42:20 --> Undefined array key "verification_token"
in APPPATH\Controllers\UserController.php on line 42.
 1 APPPATH\Controllers\UserController.php(42): CodeIgniter\Debug\Exceptions->errorHandler(2, 'Undefined array key "verification_token"', 'C:\\laragon\\www\\Appdev\\app\\Controllers\\UserController.php', 42)
 2 SYSTEMPATH\CodeIgniter.php(942): App\Controllers\UserController->login()
 3 SYSTEMPATH\CodeIgniter.php(502): CodeIgniter\CodeIgniter->runController(Object(App\Controllers\UserController))
 4 SYSTEMPATH\CodeIgniter.php(361): CodeIgniter\CodeIgniter->handleRequest(null, Object(Config\Cache), false)
 5 FCPATH\index.php(87): CodeIgniter\CodeIgniter->run()
CRITICAL - 2023-11-21 14:21:39 --> Undefined variable $usernamne
in APPPATH\Controllers\UserController.php on line 39.
 1 APPPATH\Controllers\UserController.php(39): CodeIgniter\Debug\Exceptions->errorHandler(2, 'Undefined variable $usernamne', 'C:\\laragon\\www\\Appdev\\app\\Controllers\\UserController.php', 39)
 2 SYSTEMPATH\CodeIgniter.php(942): App\Controllers\UserController->login()
 3 SYSTEMPATH\CodeIgniter.php(502): CodeIgniter\CodeIgniter->runController(Object(App\Controllers\UserController))
 4 SYSTEMPATH\CodeIgniter.php(361): CodeIgniter\CodeIgniter->handleRequest(null, Object(Config\Cache), false)
 5 FCPATH\index.php(87): CodeIgniter\CodeIgniter->run()
CRITICAL - 2023-11-21 14:22:40 --> Undefined variable $usernamne
in APPPATH\Controllers\UserController.php on line 39.
 1 APPPATH\Controllers\UserController.php(39): CodeIgniter\Debug\Exceptions->errorHandler(2, 'Undefined variable $usernamne', 'C:\\laragon\\www\\Appdev\\app\\Controllers\\UserController.php', 39)
 2 SYSTEMPATH\CodeIgniter.php(942): App\Controllers\UserController->login()
 3 SYSTEMPATH\CodeIgniter.php(502): CodeIgniter\CodeIgniter->runController(Object(App\Controllers\UserController))
 4 SYSTEMPATH\CodeIgniter.php(361): CodeIgniter\CodeIgniter->handleRequest(null, Object(Config\Cache), false)
 5 FCPATH\index.php(87): CodeIgniter\CodeIgniter->run()
CRITICAL - 2023-11-21 14:23:34 --> Undefined variable $usernamne
in APPPATH\Controllers\UserController.php on line 39.
 1 APPPATH\Controllers\UserController.php(39): CodeIgniter\Debug\Exceptions->errorHandler(2, 'Undefined variable $usernamne', 'C:\\laragon\\www\\Appdev\\app\\Controllers\\UserController.php', 39)
 2 SYSTEMPATH\CodeIgniter.php(942): App\Controllers\UserController->login()
 3 SYSTEMPATH\CodeIgniter.php(502): CodeIgniter\CodeIgniter->runController(Object(App\Controllers\UserController))
 4 SYSTEMPATH\CodeIgniter.php(361): CodeIgniter\CodeIgniter->handleRequest(null, Object(Config\Cache), false)
 5 FCPATH\index.php(87): CodeIgniter\CodeIgniter->run()
CRITICAL - 2023-11-21 14:23:45 --> Undefined variable $usernamne
in APPPATH\Controllers\UserController.php on line 39.
 1 APPPATH\Controllers\UserController.php(39): CodeIgniter\Debug\Exceptions->errorHandler(2, 'Undefined variable $usernamne', 'C:\\laragon\\www\\Appdev\\app\\Controllers\\UserController.php', 39)
 2 SYSTEMPATH\CodeIgniter.php(942): App\Controllers\UserController->login()
 3 SYSTEMPATH\CodeIgniter.php(502): CodeIgniter\CodeIgniter->runController(Object(App\Controllers\UserController))
 4 SYSTEMPATH\CodeIgniter.php(361): CodeIgniter\CodeIgniter->handleRequest(null, Object(Config\Cache), false)
 5 FCPATH\index.php(87): CodeIgniter\CodeIgniter->run()
CRITICAL - 2023-11-21 14:51:03 --> Undefined array key "token"
in APPPATH\Controllers\UserController.php on line 44.
 1 APPPATH\Controllers\UserController.php(44): CodeIgniter\Debug\Exceptions->errorHandler(2, 'Undefined array key "token"', 'C:\\laragon\\www\\Appdev\\app\\Controllers\\UserController.php', 44)
 2 SYSTEMPATH\CodeIgniter.php(942): App\Controllers\UserController->login()
 3 SYSTEMPATH\CodeIgniter.php(502): CodeIgniter\CodeIgniter->runController(Object(App\Controllers\UserController))
 4 SYSTEMPATH\CodeIgniter.php(361): CodeIgniter\CodeIgniter->handleRequest(null, Object(Config\Cache), false)
 5 FCPATH\index.php(87): CodeIgniter\CodeIgniter->run()
CRITICAL - 2023-11-21 14:51:58 --> Undefined array key "token"
in APPPATH\Controllers\UserController.php on line 44.
 1 APPPATH\Controllers\UserController.php(44): CodeIgniter\Debug\Exceptions->errorHandler(2, 'Undefined array key "token"', 'C:\\laragon\\www\\Appdev\\app\\Controllers\\UserController.php', 44)
 2 SYSTEMPATH\CodeIgniter.php(942): App\Controllers\UserController->login()
 3 SYSTEMPATH\CodeIgniter.php(502): CodeIgniter\CodeIgniter->runController(Object(App\Controllers\UserController))
 4 SYSTEMPATH\CodeIgniter.php(361): CodeIgniter\CodeIgniter->handleRequest(null, Object(Config\Cache), false)
 5 FCPATH\index.php(87): CodeIgniter\CodeIgniter->run()
CRITICAL - 2023-11-21 15:52:07 --> Call to undefined method App\Controllers\UserController::verification()
in APPPATH\Controllers\UserController.php on line 68.
 1 SYSTEMPATH\CodeIgniter.php(942): App\Controllers\UserController->register()
 2 SYSTEMPATH\CodeIgniter.php(502): CodeIgniter\CodeIgniter->runController(Object(App\Controllers\UserController))
 3 SYSTEMPATH\CodeIgniter.php(361): CodeIgniter\CodeIgniter->handleRequest(null, Object(Config\Cache), false)
 4 FCPATH\index.php(87): CodeIgniter\CodeIgniter->run()
CRITICAL - 2023-11-21 15:54:10 --> Call to undefined method App\Controllers\UserController::verification()
in APPPATH\Controllers\UserController.php on line 68.
 1 SYSTEMPATH\CodeIgniter.php(942): App\Controllers\UserController->register()
 2 SYSTEMPATH\CodeIgniter.php(502): CodeIgniter\CodeIgniter->runController(Object(App\Controllers\UserController))
 3 SYSTEMPATH\CodeIgniter.php(361): CodeIgniter\CodeIgniter->handleRequest(null, Object(Config\Cache), false)
 4 FCPATH\index.php(87): CodeIgniter\CodeIgniter->run()
CRITICAL - 2023-11-21 15:55:04 --> Call to undefined method App\Controllers\UserController::verification()
in APPPATH\Controllers\UserController.php on line 68.
 1 SYSTEMPATH\CodeIgniter.php(942): App\Controllers\UserController->register()
 2 SYSTEMPATH\CodeIgniter.php(502): CodeIgniter\CodeIgniter->runController(Object(App\Controllers\UserController))
 3 SYSTEMPATH\CodeIgniter.php(361): CodeIgniter\CodeIgniter->handleRequest(null, Object(Config\Cache), false)
 4 FCPATH\index.php(87): CodeIgniter\CodeIgniter->run()
CRITICAL - 2023-11-21 15:55:56 --> Call to undefined method App\Controllers\UserController::verification()
in APPPATH\Controllers\UserController.php on line 68.
 1 SYSTEMPATH\CodeIgniter.php(942): App\Controllers\UserController->register()
 2 SYSTEMPATH\CodeIgniter.php(502): CodeIgniter\CodeIgniter->runController(Object(App\Controllers\UserController))
 3 SYSTEMPATH\CodeIgniter.php(361): CodeIgniter\CodeIgniter->handleRequest(null, Object(Config\Cache), false)
 4 FCPATH\index.php(87): CodeIgniter\CodeIgniter->run()
CRITICAL - 2023-11-21 15:56:35 --> Call to undefined method App\Controllers\UserController::verification()
in APPPATH\Controllers\UserController.php on line 68.
 1 SYSTEMPATH\CodeIgniter.php(942): App\Controllers\UserController->register()
 2 SYSTEMPATH\CodeIgniter.php(502): CodeIgniter\CodeIgniter->runController(Object(App\Controllers\UserController))
 3 SYSTEMPATH\CodeIgniter.php(361): CodeIgniter\CodeIgniter->handleRequest(null, Object(Config\Cache), false)
 4 FCPATH\index.php(87): CodeIgniter\CodeIgniter->run()
CRITICAL - 2023-11-21 17:31:32 --> Call to undefined method App\Controllers\UserController::verification()
in APPPATH\Controllers\UserController.php on line 75.
 1 SYSTEMPATH\CodeIgniter.php(942): App\Controllers\UserController->register()
 2 SYSTEMPATH\CodeIgniter.php(502): CodeIgniter\CodeIgniter->runController(Object(App\Controllers\UserController))
 3 SYSTEMPATH\CodeIgniter.php(361): CodeIgniter\CodeIgniter->handleRequest(null, Object(Config\Cache), false)
 4 FCPATH\index.php(87): CodeIgniter\CodeIgniter->run()
