CRITICAL - 2023-11-20 04:04:14 --> Undefined property: App\Controllers\ProfileController::$ionauth
in APPPATH\Controllers\ProfileController.php on line 14.
 1 APPPATH\Controllers\ProfileController.php(14): CodeIgniter\Debug\Exceptions->errorHandler(2, 'Undefined property: App\\Controllers\\ProfileController::$ionauth', 'C:\\laragon\\www\\Appdev\\app\\Controllers\\ProfileController.php', 14)
 2 SYSTEMPATH\CodeIgniter.php(942): App\Controllers\ProfileController->status()
 3 SYSTEMPATH\CodeIgniter.php(502): CodeIgniter\CodeIgniter->runController(Object(App\Controllers\ProfileController))
 4 SYSTEMPATH\CodeIgniter.php(361): CodeIgniter\CodeIgniter->handleRequest(null, Object(Config\Cache), false)
 5 FCPATH\index.php(87): CodeIgniter\CodeIgniter->run()
CRITICAL - 2023-11-20 04:18:48 --> Undefined property: App\Controllers\ProfileController::$ionauth
in APPPATH\Controllers\ProfileController.php on line 15.
 1 APPPATH\Controllers\ProfileController.php(15): CodeIgniter\Debug\Exceptions->errorHandler(2, 'Undefined property: App\\Controllers\\ProfileController::$ionauth', 'C:\\laragon\\www\\Appdev\\app\\Controllers\\ProfileController.php', 15)
 2 SYSTEMPATH\CodeIgniter.php(942): App\Controllers\ProfileController->status()
 3 SYSTEMPATH\CodeIgniter.php(502): CodeIgniter\CodeIgniter->runController(Object(App\Controllers\ProfileController))
 4 SYSTEMPATH\CodeIgniter.php(361): CodeIgniter\CodeIgniter->handleRequest(null, Object(Config\Cache), false)
 5 FCPATH\index.php(87): CodeIgniter\CodeIgniter->run()
CRITICAL - 2023-11-20 07:22:19 --> Undefined property: App\Controllers\ProfileController::$ionauth
in APPPATH\Controllers\ProfileController.php on line 14.
 1 APPPATH\Controllers\ProfileController.php(14): CodeIgniter\Debug\Exceptions->errorHandler(2, 'Undefined property: App\\Controllers\\ProfileController::$ionauth', 'C:\\laragon\\www\\Appdev\\app\\Controllers\\ProfileController.php', 14)
 2 SYSTEMPATH\CodeIgniter.php(942): App\Controllers\ProfileController->status()
 3 SYSTEMPATH\CodeIgniter.php(502): CodeIgniter\CodeIgniter->runController(Object(App\Controllers\ProfileController))
 4 SYSTEMPATH\CodeIgniter.php(361): CodeIgniter\CodeIgniter->handleRequest(null, Object(Config\Cache), false)
 5 FCPATH\index.php(87): CodeIgniter\CodeIgniter->run()
CRITICAL - 2023-11-20 07:22:30 --> Undefined property: App\Controllers\ProfileController::$ionauth
in APPPATH\Controllers\ProfileController.php on line 14.
 1 APPPATH\Controllers\ProfileController.php(14): CodeIgniter\Debug\Exceptions->errorHandler(2, 'Undefined property: App\\Controllers\\ProfileController::$ionauth', 'C:\\laragon\\www\\Appdev\\app\\Controllers\\ProfileController.php', 14)
 2 SYSTEMPATH\CodeIgniter.php(942): App\Controllers\ProfileController->status()
 3 SYSTEMPATH\CodeIgniter.php(502): CodeIgniter\CodeIgniter->runController(Object(App\Controllers\ProfileController))
 4 SYSTEMPATH\CodeIgniter.php(361): CodeIgniter\CodeIgniter->handleRequest(null, Object(Config\Cache), false)
 5 FCPATH\index.php(87): CodeIgniter\CodeIgniter->run()
CRITICAL - 2023-11-20 07:22:44 --> Undefined property: App\Controllers\ProfileController::$ionauth
in APPPATH\Controllers\ProfileController.php on line 14.
 1 APPPATH\Controllers\ProfileController.php(14): CodeIgniter\Debug\Exceptions->errorHandler(2, 'Undefined property: App\\Controllers\\ProfileController::$ionauth', 'C:\\laragon\\www\\Appdev\\app\\Controllers\\ProfileController.php', 14)
 2 SYSTEMPATH\CodeIgniter.php(942): App\Controllers\ProfileController->status()
 3 SYSTEMPATH\CodeIgniter.php(502): CodeIgniter\CodeIgniter->runController(Object(App\Controllers\ProfileController))
 4 SYSTEMPATH\CodeIgniter.php(361): CodeIgniter\CodeIgniter->handleRequest(null, Object(Config\Cache), false)
 5 FCPATH\index.php(87): CodeIgniter\CodeIgniter->run()
ERROR - 2023-11-20 14:27:31 --> mysqli_sql_exception: Column 'email' cannot be null in C:\laragon\www\Appdev\system\Database\MySQLi\Connection.php:306
Stack trace:
#0 C:\laragon\www\Appdev\system\Database\MySQLi\Connection.php(306): mysqli->query('INSERT INTO `us...', 0)
#1 C:\laragon\www\Appdev\system\Database\BaseConnection.php(693): CodeIgniter\Database\MySQLi\Connection->execute('INSERT INTO `us...')
#2 C:\laragon\www\Appdev\system\Database\BaseConnection.php(607): CodeIgniter\Database\BaseConnection->simpleQuery('INSERT INTO `us...')
#3 C:\laragon\www\Appdev\system\Database\BaseBuilder.php(2308): CodeIgniter\Database\BaseConnection->query('INSERT INTO `us...', Array, false)
#4 C:\laragon\www\Appdev\system\Model.php(319): CodeIgniter\Database\BaseBuilder->insert()
#5 C:\laragon\www\Appdev\system\BaseModel.php(788): CodeIgniter\Model->doInsert(Array)
#6 C:\laragon\www\Appdev\system\Model.php(715): CodeIgniter\BaseModel->insert(Array, false)
#7 C:\laragon\www\Appdev\system\BaseModel.php(698): CodeIgniter\Model->insert(Array, false)
#8 C:\laragon\www\Appdev\app\Controllers\UserController.php(56): CodeIgniter\BaseModel->save(Array)
#9 C:\laragon\www\Appdev\system\CodeIgniter.php(942): App\Controllers\UserController->register()
#10 C:\laragon\www\Appdev\system\CodeIgniter.php(502): CodeIgniter\CodeIgniter->runController(Object(App\Controllers\UserController))
#11 C:\laragon\www\Appdev\system\CodeIgniter.php(361): CodeIgniter\CodeIgniter->handleRequest(NULL, Object(Config\Cache), false)
#12 C:\laragon\www\Appdev\public\index.php(87): CodeIgniter\CodeIgniter->run()
#13 {main}
CRITICAL - 2023-11-20 14:27:31 --> Column 'email' cannot be null
in SYSTEMPATH\Database\BaseConnection.php on line 647.
 1 SYSTEMPATH\Database\BaseBuilder.php(2308): CodeIgniter\Database\BaseConnection->query('INSERT INTO `users` (`username`, `password`, `email`, `full_name`, `verification_token`, `status`, `role`) VALUES (:username:, :password:, :email:, :full_name:, :verification_token:, :status:, :role:)', [...], false)
 2 SYSTEMPATH\Model.php(319): CodeIgniter\Database\BaseBuilder->insert()
 3 SYSTEMPATH\BaseModel.php(788): CodeIgniter\Model->doInsert([...])
 4 SYSTEMPATH\Model.php(715): CodeIgniter\BaseModel->insert([...], false)
 5 SYSTEMPATH\BaseModel.php(698): CodeIgniter\Model->insert([...], false)
 6 APPPATH\Controllers\UserController.php(56): CodeIgniter\BaseModel->save([...])
 7 SYSTEMPATH\CodeIgniter.php(942): App\Controllers\UserController->register()
 8 SYSTEMPATH\CodeIgniter.php(502): CodeIgniter\CodeIgniter->runController(Object(App\Controllers\UserController))
 9 SYSTEMPATH\CodeIgniter.php(361): CodeIgniter\CodeIgniter->handleRequest(null, Object(Config\Cache), false)
10 FCPATH\index.php(87): CodeIgniter\CodeIgniter->run()
ERROR - 2023-11-20 14:28:01 --> mysqli_sql_exception: Column 'email' cannot be null in C:\laragon\www\Appdev\system\Database\MySQLi\Connection.php:306
Stack trace:
#0 C:\laragon\www\Appdev\system\Database\MySQLi\Connection.php(306): mysqli->query('INSERT INTO `us...', 0)
#1 C:\laragon\www\Appdev\system\Database\BaseConnection.php(693): CodeIgniter\Database\MySQLi\Connection->execute('INSERT INTO `us...')
#2 C:\laragon\www\Appdev\system\Database\BaseConnection.php(607): CodeIgniter\Database\BaseConnection->simpleQuery('INSERT INTO `us...')
#3 C:\laragon\www\Appdev\system\Database\BaseBuilder.php(2308): CodeIgniter\Database\BaseConnection->query('INSERT INTO `us...', Array, false)
#4 C:\laragon\www\Appdev\system\Model.php(319): CodeIgniter\Database\BaseBuilder->insert()
#5 C:\laragon\www\Appdev\system\BaseModel.php(788): CodeIgniter\Model->doInsert(Array)
#6 C:\laragon\www\Appdev\system\Model.php(715): CodeIgniter\BaseModel->insert(Array, false)
#7 C:\laragon\www\Appdev\system\BaseModel.php(698): CodeIgniter\Model->insert(Array, false)
#8 C:\laragon\www\Appdev\app\Controllers\UserController.php(56): CodeIgniter\BaseModel->save(Array)
#9 C:\laragon\www\Appdev\system\CodeIgniter.php(942): App\Controllers\UserController->register()
#10 C:\laragon\www\Appdev\system\CodeIgniter.php(502): CodeIgniter\CodeIgniter->runController(Object(App\Controllers\UserController))
#11 C:\laragon\www\Appdev\system\CodeIgniter.php(361): CodeIgniter\CodeIgniter->handleRequest(NULL, Object(Config\Cache), false)
#12 C:\laragon\www\Appdev\public\index.php(87): CodeIgniter\CodeIgniter->run()
#13 {main}
CRITICAL - 2023-11-20 14:28:01 --> Column 'email' cannot be null
in SYSTEMPATH\Database\BaseConnection.php on line 647.
 1 SYSTEMPATH\Database\BaseBuilder.php(2308): CodeIgniter\Database\BaseConnection->query('INSERT INTO `users` (`username`, `password`, `email`, `full_name`, `verification_token`, `status`, `role`) VALUES (:username:, :password:, :email:, :full_name:, :verification_token:, :status:, :role:)', [...], false)
 2 SYSTEMPATH\Model.php(319): CodeIgniter\Database\BaseBuilder->insert()
 3 SYSTEMPATH\BaseModel.php(788): CodeIgniter\Model->doInsert([...])
 4 SYSTEMPATH\Model.php(715): CodeIgniter\BaseModel->insert([...], false)
 5 SYSTEMPATH\BaseModel.php(698): CodeIgniter\Model->insert([...], false)
 6 APPPATH\Controllers\UserController.php(56): CodeIgniter\BaseModel->save([...])
 7 SYSTEMPATH\CodeIgniter.php(942): App\Controllers\UserController->register()
 8 SYSTEMPATH\CodeIgniter.php(502): CodeIgniter\CodeIgniter->runController(Object(App\Controllers\UserController))
 9 SYSTEMPATH\CodeIgniter.php(361): CodeIgniter\CodeIgniter->handleRequest(null, Object(Config\Cache), false)
10 FCPATH\index.php(87): CodeIgniter\CodeIgniter->run()
ERROR - 2023-11-20 14:30:15 --> mysqli_sql_exception: Column 'email' cannot be null in C:\laragon\www\Appdev\system\Database\MySQLi\Connection.php:306
Stack trace:
#0 C:\laragon\www\Appdev\system\Database\MySQLi\Connection.php(306): mysqli->query('INSERT INTO `us...', 0)
#1 C:\laragon\www\Appdev\system\Database\BaseConnection.php(693): CodeIgniter\Database\MySQLi\Connection->execute('INSERT INTO `us...')
#2 C:\laragon\www\Appdev\system\Database\BaseConnection.php(607): CodeIgniter\Database\BaseConnection->simpleQuery('INSERT INTO `us...')
#3 C:\laragon\www\Appdev\system\Database\BaseBuilder.php(2308): CodeIgniter\Database\BaseConnection->query('INSERT INTO `us...', Array, false)
#4 C:\laragon\www\Appdev\system\Model.php(319): CodeIgniter\Database\BaseBuilder->insert()
#5 C:\laragon\www\Appdev\system\BaseModel.php(788): CodeIgniter\Model->doInsert(Array)
#6 C:\laragon\www\Appdev\system\Model.php(715): CodeIgniter\BaseModel->insert(Array, false)
#7 C:\laragon\www\Appdev\system\BaseModel.php(698): CodeIgniter\Model->insert(Array, false)
#8 C:\laragon\www\Appdev\app\Controllers\UserController.php(56): CodeIgniter\BaseModel->save(Array)
#9 C:\laragon\www\Appdev\system\CodeIgniter.php(942): App\Controllers\UserController->register()
#10 C:\laragon\www\Appdev\system\CodeIgniter.php(502): CodeIgniter\CodeIgniter->runController(Object(App\Controllers\UserController))
#11 C:\laragon\www\Appdev\system\CodeIgniter.php(361): CodeIgniter\CodeIgniter->handleRequest(NULL, Object(Config\Cache), false)
#12 C:\laragon\www\Appdev\public\index.php(87): CodeIgniter\CodeIgniter->run()
#13 {main}
CRITICAL - 2023-11-20 14:30:15 --> Column 'email' cannot be null
in SYSTEMPATH\Database\BaseConnection.php on line 647.
 1 SYSTEMPATH\Database\BaseBuilder.php(2308): CodeIgniter\Database\BaseConnection->query('INSERT INTO `users` (`username`, `password`, `email`, `full_name`, `verification_token`, `status`, `role`) VALUES (:username:, :password:, :email:, :full_name:, :verification_token:, :status:, :role:)', [...], false)
 2 SYSTEMPATH\Model.php(319): CodeIgniter\Database\BaseBuilder->insert()
 3 SYSTEMPATH\BaseModel.php(788): CodeIgniter\Model->doInsert([...])
 4 SYSTEMPATH\Model.php(715): CodeIgniter\BaseModel->insert([...], false)
 5 SYSTEMPATH\BaseModel.php(698): CodeIgniter\Model->insert([...], false)
 6 APPPATH\Controllers\UserController.php(56): CodeIgniter\BaseModel->save([...])
 7 SYSTEMPATH\CodeIgniter.php(942): App\Controllers\UserController->register()
 8 SYSTEMPATH\CodeIgniter.php(502): CodeIgniter\CodeIgniter->runController(Object(App\Controllers\UserController))
 9 SYSTEMPATH\CodeIgniter.php(361): CodeIgniter\CodeIgniter->handleRequest(null, Object(Config\Cache), false)
10 FCPATH\index.php(87): CodeIgniter\CodeIgniter->run()
ERROR - 2023-11-20 14:31:16 --> mysqli_sql_exception: Column 'email' cannot be null in C:\laragon\www\Appdev\system\Database\MySQLi\Connection.php:306
Stack trace:
#0 C:\laragon\www\Appdev\system\Database\MySQLi\Connection.php(306): mysqli->query('INSERT INTO `us...', 0)
#1 C:\laragon\www\Appdev\system\Database\BaseConnection.php(693): CodeIgniter\Database\MySQLi\Connection->execute('INSERT INTO `us...')
#2 C:\laragon\www\Appdev\system\Database\BaseConnection.php(607): CodeIgniter\Database\BaseConnection->simpleQuery('INSERT INTO `us...')
#3 C:\laragon\www\Appdev\system\Database\BaseBuilder.php(2308): CodeIgniter\Database\BaseConnection->query('INSERT INTO `us...', Array, false)
#4 C:\laragon\www\Appdev\system\Model.php(319): CodeIgniter\Database\BaseBuilder->insert()
#5 C:\laragon\www\Appdev\system\BaseModel.php(788): CodeIgniter\Model->doInsert(Array)
#6 C:\laragon\www\Appdev\system\Model.php(715): CodeIgniter\BaseModel->insert(Array, false)
#7 C:\laragon\www\Appdev\system\BaseModel.php(698): CodeIgniter\Model->insert(Array, false)
#8 C:\laragon\www\Appdev\app\Controllers\UserController.php(56): CodeIgniter\BaseModel->save(Array)
#9 C:\laragon\www\Appdev\system\CodeIgniter.php(942): App\Controllers\UserController->register()
#10 C:\laragon\www\Appdev\system\CodeIgniter.php(502): CodeIgniter\CodeIgniter->runController(Object(App\Controllers\UserController))
#11 C:\laragon\www\Appdev\system\CodeIgniter.php(361): CodeIgniter\CodeIgniter->handleRequest(NULL, Object(Config\Cache), false)
#12 C:\laragon\www\Appdev\public\index.php(87): CodeIgniter\CodeIgniter->run()
#13 {main}
CRITICAL - 2023-11-20 14:31:16 --> Column 'email' cannot be null
in SYSTEMPATH\Database\BaseConnection.php on line 647.
 1 SYSTEMPATH\Database\BaseBuilder.php(2308): CodeIgniter\Database\BaseConnection->query('INSERT INTO `users` (`username`, `password`, `email`, `full_name`, `verification_token`, `status`, `role`) VALUES (:username:, :password:, :email:, :full_name:, :verification_token:, :status:, :role:)', [...], false)
 2 SYSTEMPATH\Model.php(319): CodeIgniter\Database\BaseBuilder->insert()
 3 SYSTEMPATH\BaseModel.php(788): CodeIgniter\Model->doInsert([...])
 4 SYSTEMPATH\Model.php(715): CodeIgniter\BaseModel->insert([...], false)
 5 SYSTEMPATH\BaseModel.php(698): CodeIgniter\Model->insert([...], false)
 6 APPPATH\Controllers\UserController.php(56): CodeIgniter\BaseModel->save([...])
 7 SYSTEMPATH\CodeIgniter.php(942): App\Controllers\UserController->register()
 8 SYSTEMPATH\CodeIgniter.php(502): CodeIgniter\CodeIgniter->runController(Object(App\Controllers\UserController))
 9 SYSTEMPATH\CodeIgniter.php(361): CodeIgniter\CodeIgniter->handleRequest(null, Object(Config\Cache), false)
10 FCPATH\index.php(87): CodeIgniter\CodeIgniter->run()
ERROR - 2023-11-20 14:31:27 --> mysqli_sql_exception: Column 'email' cannot be null in C:\laragon\www\Appdev\system\Database\MySQLi\Connection.php:306
Stack trace:
#0 C:\laragon\www\Appdev\system\Database\MySQLi\Connection.php(306): mysqli->query('INSERT INTO `us...', 0)
#1 C:\laragon\www\Appdev\system\Database\BaseConnection.php(693): CodeIgniter\Database\MySQLi\Connection->execute('INSERT INTO `us...')
#2 C:\laragon\www\Appdev\system\Database\BaseConnection.php(607): CodeIgniter\Database\BaseConnection->simpleQuery('INSERT INTO `us...')
#3 C:\laragon\www\Appdev\system\Database\BaseBuilder.php(2308): CodeIgniter\Database\BaseConnection->query('INSERT INTO `us...', Array, false)
#4 C:\laragon\www\Appdev\system\Model.php(319): CodeIgniter\Database\BaseBuilder->insert()
#5 C:\laragon\www\Appdev\system\BaseModel.php(788): CodeIgniter\Model->doInsert(Array)
#6 C:\laragon\www\Appdev\system\Model.php(715): CodeIgniter\BaseModel->insert(Array, false)
#7 C:\laragon\www\Appdev\system\BaseModel.php(698): CodeIgniter\Model->insert(Array, false)
#8 C:\laragon\www\Appdev\app\Controllers\UserController.php(56): CodeIgniter\BaseModel->save(Array)
#9 C:\laragon\www\Appdev\system\CodeIgniter.php(942): App\Controllers\UserController->register()
#10 C:\laragon\www\Appdev\system\CodeIgniter.php(502): CodeIgniter\CodeIgniter->runController(Object(App\Controllers\UserController))
#11 C:\laragon\www\Appdev\system\CodeIgniter.php(361): CodeIgniter\CodeIgniter->handleRequest(NULL, Object(Config\Cache), false)
#12 C:\laragon\www\Appdev\public\index.php(87): CodeIgniter\CodeIgniter->run()
#13 {main}
CRITICAL - 2023-11-20 14:31:27 --> Column 'email' cannot be null
in SYSTEMPATH\Database\BaseConnection.php on line 647.
 1 SYSTEMPATH\Database\BaseBuilder.php(2308): CodeIgniter\Database\BaseConnection->query('INSERT INTO `users` (`username`, `password`, `email`, `full_name`, `verification_token`, `status`, `role`) VALUES (:username:, :password:, :email:, :full_name:, :verification_token:, :status:, :role:)', [...], false)
 2 SYSTEMPATH\Model.php(319): CodeIgniter\Database\BaseBuilder->insert()
 3 SYSTEMPATH\BaseModel.php(788): CodeIgniter\Model->doInsert([...])
 4 SYSTEMPATH\Model.php(715): CodeIgniter\BaseModel->insert([...], false)
 5 SYSTEMPATH\BaseModel.php(698): CodeIgniter\Model->insert([...], false)
 6 APPPATH\Controllers\UserController.php(56): CodeIgniter\BaseModel->save([...])
 7 SYSTEMPATH\CodeIgniter.php(942): App\Controllers\UserController->register()
 8 SYSTEMPATH\CodeIgniter.php(502): CodeIgniter\CodeIgniter->runController(Object(App\Controllers\UserController))
 9 SYSTEMPATH\CodeIgniter.php(361): CodeIgniter\CodeIgniter->handleRequest(null, Object(Config\Cache), false)
10 FCPATH\index.php(87): CodeIgniter\CodeIgniter->run()
ERROR - 2023-11-20 14:31:57 --> mysqli_sql_exception: Column 'email' cannot be null in C:\laragon\www\Appdev\system\Database\MySQLi\Connection.php:306
Stack trace:
#0 C:\laragon\www\Appdev\system\Database\MySQLi\Connection.php(306): mysqli->query('INSERT INTO `us...', 0)
#1 C:\laragon\www\Appdev\system\Database\BaseConnection.php(693): CodeIgniter\Database\MySQLi\Connection->execute('INSERT INTO `us...')
#2 C:\laragon\www\Appdev\system\Database\BaseConnection.php(607): CodeIgniter\Database\BaseConnection->simpleQuery('INSERT INTO `us...')
#3 C:\laragon\www\Appdev\system\Database\BaseBuilder.php(2308): CodeIgniter\Database\BaseConnection->query('INSERT INTO `us...', Array, false)
#4 C:\laragon\www\Appdev\system\Model.php(319): CodeIgniter\Database\BaseBuilder->insert()
#5 C:\laragon\www\Appdev\system\BaseModel.php(788): CodeIgniter\Model->doInsert(Array)
#6 C:\laragon\www\Appdev\system\Model.php(715): CodeIgniter\BaseModel->insert(Array, false)
#7 C:\laragon\www\Appdev\system\BaseModel.php(698): CodeIgniter\Model->insert(Array, false)
#8 C:\laragon\www\Appdev\app\Controllers\UserController.php(56): CodeIgniter\BaseModel->save(Array)
#9 C:\laragon\www\Appdev\system\CodeIgniter.php(942): App\Controllers\UserController->register()
#10 C:\laragon\www\Appdev\system\CodeIgniter.php(502): CodeIgniter\CodeIgniter->runController(Object(App\Controllers\UserController))
#11 C:\laragon\www\Appdev\system\CodeIgniter.php(361): CodeIgniter\CodeIgniter->handleRequest(NULL, Object(Config\Cache), false)
#12 C:\laragon\www\Appdev\public\index.php(87): CodeIgniter\CodeIgniter->run()
#13 {main}
CRITICAL - 2023-11-20 14:31:57 --> Column 'email' cannot be null
in SYSTEMPATH\Database\BaseConnection.php on line 647.
 1 SYSTEMPATH\Database\BaseBuilder.php(2308): CodeIgniter\Database\BaseConnection->query('INSERT INTO `users` (`username`, `password`, `email`, `full_name`, `verification_token`, `status`, `role`) VALUES (:username:, :password:, :email:, :full_name:, :verification_token:, :status:, :role:)', [...], false)
 2 SYSTEMPATH\Model.php(319): CodeIgniter\Database\BaseBuilder->insert()
 3 SYSTEMPATH\BaseModel.php(788): CodeIgniter\Model->doInsert([...])
 4 SYSTEMPATH\Model.php(715): CodeIgniter\BaseModel->insert([...], false)
 5 SYSTEMPATH\BaseModel.php(698): CodeIgniter\Model->insert([...], false)
 6 APPPATH\Controllers\UserController.php(56): CodeIgniter\BaseModel->save([...])
 7 SYSTEMPATH\CodeIgniter.php(942): App\Controllers\UserController->register()
 8 SYSTEMPATH\CodeIgniter.php(502): CodeIgniter\CodeIgniter->runController(Object(App\Controllers\UserController))
 9 SYSTEMPATH\CodeIgniter.php(361): CodeIgniter\CodeIgniter->handleRequest(null, Object(Config\Cache), false)
10 FCPATH\index.php(87): CodeIgniter\CodeIgniter->run()
